┌ Warning: The call to compilecache failed to create a usable precompiled cache file for PrecompileTools [aea7be01-6a6a-4083-8856-8a6e6704d82a]
│   exception = Required dependency Preferences [21216c6a-2e73-6563-6e65-726566657250] failed to load from a cache file.
└ @ Base loading.jl:1818
┌ Warning: The call to compilecache failed to create a usable precompiled cache file for StaticArraysCore [1e83bf80-4336-4d27-bf5d-d5a4f845583c]
│   exception = ArgumentError: Invalid checksum in cache file /users/dwatkin2/.julia/compiled/v1.9/StaticArraysCore/Tzw28_AgTo3.so.
└ @ Base loading.jl:1818
┌ Warning: The call to compilecache failed to create a usable precompiled cache file for SpecialFunctions [276daf66-3868-5448-9aa4-cd146d93841b]
│   exception = Required dependency LogExpFunctions [2ab3a3ac-af41-5b50-aa03-7779005ae688] failed to load from a cache file.
└ @ Base loading.jl:1818
┌ Warning: Module StaticArrays with build ID fafbfcfd-0f92-ea6c-0001-9260f4ea5928 is missing from the cache.
│ This may mean StaticArrays [90137ffa-7385-5640-81b9-e52037218182] does not support precompilation but is imported by a module that does.
└ @ Base loading.jl:1793
┌ Warning: Module ImageCore with build ID ffffffff-ffff-ffff-0001-9264097e366a is missing from the cache.
│ This may mean ImageCore [a09fc81d-aa75-5fe9-8630-4744c3626534] does not support precompilation but is imported by a module that does.
└ @ Base loading.jl:1793
┌ Warning: Module ImageCore with build ID ffffffff-ffff-ffff-0001-9264097e366a is missing from the cache.
│ This may mean ImageCore [a09fc81d-aa75-5fe9-8630-4744c3626534] does not support precompilation but is imported by a module that does.
└ @ Base loading.jl:1793
┌ Warning: Module StaticArrays with build ID fafbfcfd-0f92-ea6c-0001-9260f4ea5928 is missing from the cache.
│ This may mean StaticArrays [90137ffa-7385-5640-81b9-e52037218182] does not support precompilation but is imported by a module that does.
└ @ Base loading.jl:1793
┌ Warning: Module StaticArrays with build ID fafbfcfd-0f92-ea6c-0001-9260f4ea5928 is missing from the cache.
│ This may mean StaticArrays [90137ffa-7385-5640-81b9-e52037218182] does not support precompilation but is imported by a module that does.
└ @ Base loading.jl:1793
┌ Warning: Module StaticArrays with build ID fafbfcfd-0f92-ea6c-0001-9260f4ea5928 is missing from the cache.
│ This may mean StaticArrays [90137ffa-7385-5640-81b9-e52037218182] does not support precompilation but is imported by a module that does.
└ @ Base loading.jl:1793
┌ Warning: Module StaticArrays with build ID fafbfcfd-0f92-ea6c-0001-9260f4ea5928 is missing from the cache.
│ This may mean StaticArrays [90137ffa-7385-5640-81b9-e52037218182] does not support precompilation but is imported by a module that does.
└ @ Base loading.jl:1793
┌ Warning: Module AbstractFFTs with build ID fafbfcfd-f3e2-1e3a-0001-9265b4001fc2 is missing from the cache.
│ This may mean AbstractFFTs [621f4979-c628-5d54-868e-fcf4e3e8185c] does not support precompilation but is imported by a module that does.
└ @ Base loading.jl:1793
┌ Warning: Module StaticArrays with build ID fafbfcfd-0f92-ea6c-0001-9260f4ea5928 is missing from the cache.
│ This may mean StaticArrays [90137ffa-7385-5640-81b9-e52037218182] does not support precompilation but is imported by a module that does.
└ @ Base loading.jl:1793
┌ Warning: Module ImageCore with build ID ffffffff-ffff-ffff-0001-9264097e366a is missing from the cache.
│ This may mean ImageCore [a09fc81d-aa75-5fe9-8630-4744c3626534] does not support precompilation but is imported by a module that does.
└ @ Base loading.jl:1793
┌ Warning: Module ImageAxes with build ID ffffffff-ffff-ffff-0001-926da0268e79 is missing from the cache.
│ This may mean ImageAxes [2803e5a7-5153-5ecf-9a86-9b4c37f5f5ac] does not support precompilation but is imported by a module that does.
└ @ Base loading.jl:1793
┌ Warning: Module AbstractFFTs with build ID fafbfcfd-f3e2-1e3a-0001-9265b4001fc2 is missing from the cache.
│ This may mean AbstractFFTs [621f4979-c628-5d54-868e-fcf4e3e8185c] does not support precompilation but is imported by a module that does.
└ @ Base loading.jl:1793
┌ Warning: Module AbstractFFTs with build ID fafbfcfd-f3e2-1e3a-0001-9265b4001fc2 is missing from the cache.
│ This may mean AbstractFFTs [621f4979-c628-5d54-868e-fcf4e3e8185c] does not support precompilation but is imported by a module that does.
└ @ Base loading.jl:1793
┌ Warning: Module FFTW with build ID ffffffff-ffff-ffff-0001-926e311014b7 is missing from the cache.
│ This may mean FFTW [7a1cc6ca-52ef-59f5-83cd-3a7055c09341] does not support precompilation but is imported by a module that does.
└ @ Base loading.jl:1793
┌ Warning: Module ImageCore with build ID ffffffff-ffff-ffff-0001-9264097e366a is missing from the cache.
│ This may mean ImageCore [a09fc81d-aa75-5fe9-8630-4744c3626534] does not support precompilation but is imported by a module that does.
└ @ Base loading.jl:1793
┌ Warning: Module ImageCore with build ID ffffffff-ffff-ffff-0001-9264097e366a is missing from the cache.
│ This may mean ImageCore [a09fc81d-aa75-5fe9-8630-4744c3626534] does not support precompilation but is imported by a module that does.
└ @ Base loading.jl:1793
┌ Warning: Module ImageCore with build ID ffffffff-ffff-ffff-0001-9264097e366a is missing from the cache.
│ This may mean ImageCore [a09fc81d-aa75-5fe9-8630-4744c3626534] does not support precompilation but is imported by a module that does.
└ @ Base loading.jl:1793
┌ Warning: Module ImageCore with build ID ffffffff-ffff-ffff-0001-9264097e366a is missing from the cache.
│ This may mean ImageCore [a09fc81d-aa75-5fe9-8630-4744c3626534] does not support precompilation but is imported by a module that does.
└ @ Base loading.jl:1793
┌ Warning: Module StaticArrays with build ID fafbfcfd-0f92-ea6c-0001-9260f4ea5928 is missing from the cache.
│ This may mean StaticArrays [90137ffa-7385-5640-81b9-e52037218182] does not support precompilation but is imported by a module that does.
└ @ Base loading.jl:1793
┌ Warning: Module StaticArrays with build ID fafbfcfd-0f92-ea6c-0001-9260f4ea5928 is missing from the cache.
│ This may mean StaticArrays [90137ffa-7385-5640-81b9-e52037218182] does not support precompilation but is imported by a module that does.
└ @ Base loading.jl:1793
┌ Warning: Module StaticArrays with build ID fafbfcfd-0f92-ea6c-0001-9260f4ea5928 is missing from the cache.
│ This may mean StaticArrays [90137ffa-7385-5640-81b9-e52037218182] does not support precompilation but is imported by a module that does.
└ @ Base loading.jl:1793
┌ Warning: Module StaticArrays with build ID fafbfcfd-0f92-ea6c-0001-9260f4ea5928 is missing from the cache.
│ This may mean StaticArrays [90137ffa-7385-5640-81b9-e52037218182] does not support precompilation but is imported by a module that does.
└ @ Base loading.jl:1793
┌ Warning: Module StaticArrays with build ID fafbfcfd-0f92-ea6c-0001-9260f4ea5928 is missing from the cache.
│ This may mean StaticArrays [90137ffa-7385-5640-81b9-e52037218182] does not support precompilation but is imported by a module that does.
└ @ Base loading.jl:1793
┌ Warning: Module StaticArrays with build ID fafbfcfd-0f92-ea6c-0001-9260f4ea5928 is missing from the cache.
│ This may mean StaticArrays [90137ffa-7385-5640-81b9-e52037218182] does not support precompilation but is imported by a module that does.
└ @ Base loading.jl:1793
┌ Warning: Module Graphs with build ID ffffffff-ffff-ffff-0001-927176028954 is missing from the cache.
│ This may mean Graphs [86223c79-3864-5bf0-83f7-82e725a168b6] does not support precompilation but is imported by a module that does.
└ @ Base loading.jl:1793
┌ Warning: Module Graphs with build ID ffffffff-ffff-ffff-0001-927176028954 is missing from the cache.
│ This may mean Graphs [86223c79-3864-5bf0-83f7-82e725a168b6] does not support precompilation but is imported by a module that does.
└ @ Base loading.jl:1793
┌ Warning: Module ImageCore with build ID ffffffff-ffff-ffff-0001-9264097e366a is missing from the cache.
│ This may mean ImageCore [a09fc81d-aa75-5fe9-8630-4744c3626534] does not support precompilation but is imported by a module that does.
└ @ Base loading.jl:1793
┌ Warning: Module ColorVectorSpace with build ID fafbfcfd-50dc-5625-0001-926431d7408c is missing from the cache.
│ This may mean ColorVectorSpace [c3611d14-8923-5661-9e6a-0046d554d3a4] does not support precompilation but is imported by a module that does.
└ @ Base loading.jl:1793
┌ Warning: Module Rotations with build ID ffffffff-ffff-ffff-0001-9269b4d14d1f is missing from the cache.
│ This may mean Rotations [6038ab10-8711-5258-84ad-4b1120ba62dc] does not support precompilation but is imported by a module that does.
└ @ Base loading.jl:1793
┌ Warning: Module FFTW with build ID ffffffff-ffff-ffff-0001-926e311014b7 is missing from the cache.
│ This may mean FFTW [7a1cc6ca-52ef-59f5-83cd-3a7055c09341] does not support precompilation but is imported by a module that does.
└ @ Base loading.jl:1793
┌ Warning: The call to compilecache failed to create a usable precompiled cache file for Setfield [efcf1570-3423-57d1-acb7-fd33fddbac46]
│   exception = Required dependency ConstructionBase [187b0558-2788-49d3-abe0-74a17ed4e7c9] failed to load from a cache file.
└ @ Base loading.jl:1818
┌ Warning: Module StaticArrays with build ID fafbfcfd-0f92-ea6c-0001-9260f4ea5928 is missing from the cache.
│ This may mean StaticArrays [90137ffa-7385-5640-81b9-e52037218182] does not support precompilation but is imported by a module that does.
└ @ Base loading.jl:1793
┌ Warning: Module Polynomials with build ID ffffffff-ffff-ffff-0001-9299ad92b5de is missing from the cache.
│ This may mean Polynomials [f27b6e38-b328-58d1-80ce-0feddd5e7a45] does not support precompilation but is imported by a module that does.
└ @ Base loading.jl:1793
┌ Warning: Module Polynomials with build ID ffffffff-ffff-ffff-0001-9299ad92b5de is missing from the cache.
│ This may mean Polynomials [f27b6e38-b328-58d1-80ce-0feddd5e7a45] does not support precompilation but is imported by a module that does.
└ @ Base loading.jl:1793
┌ Warning: The call to compilecache failed to create a usable precompiled cache file for VectorizationBase [3d5dd08c-fd9d-11e8-17fa-ed2836048c2f]
│   exception = Required dependency StaticArrayInterface [0d7ed370-da01-4f52-bd93-41d350b8b718] failed to load from a cache file.
└ @ Base loading.jl:1818
┌ Warning: Module StaticArrays with build ID fafbfcfd-0f92-ea6c-0001-9260f4ea5928 is missing from the cache.
│ This may mean StaticArrays [90137ffa-7385-5640-81b9-e52037218182] does not support precompilation but is imported by a module that does.
└ @ Base loading.jl:1793
┌ Warning: Module LoopVectorization with build ID ffffffff-ffff-ffff-0001-92a55cb04ad7 is missing from the cache.
│ This may mean LoopVectorization [bdcacae8-1622-11e9-2a5c-532679323890] does not support precompilation but is imported by a module that does.
└ @ Base loading.jl:1793
┌ Warning: Module LoggingExtras with build ID fafbfcfd-9c4b-779e-0001-927e24f285d5 is missing from the cache.
│ This may mean LoggingExtras [e6f89c97-d47a-5376-807f-9c37f3926c36] does not support precompilation but is imported by a module that does.
└ @ Base loading.jl:1793
┌ Warning: Module InverseFunctions with build ID fafbfcfd-0452-578a-0001-92aa46f44a19 is missing from the cache.
│ This may mean InverseFunctions [3587e190-3f89-42d0-90ee-14403ec27112] does not support precompilation but is imported by a module that does.
└ @ Base loading.jl:1793
┌ Error: Error during loading of extension CompositionsBaseInverseFunctionsExt of CompositionsBase, use `Base.retry_load_extensions()` to retry.
│   exception =
│    1-element ExceptionStack:
│    Declaring __precompile__(false) is not allowed in files that are being precompiled.
│    Stacktrace:
│      [1] _require(pkg::Base.PkgId, env::Nothing)
│        @ Base ./loading.jl:1825
│      [2] _require_prelocked(uuidkey::Base.PkgId, env::Nothing)
│        @ Base ./loading.jl:1660
│      [3] _require_prelocked(uuidkey::Base.PkgId)
│        @ Base ./loading.jl:1658
│      [4] run_extension_callbacks(extid::Base.ExtensionId)
│        @ Base ./loading.jl:1255
│      [5] run_extension_callbacks(pkgid::Base.PkgId)
│        @ Base ./loading.jl:1290
│      [6] run_package_callbacks(modkey::Base.PkgId)
│        @ Base ./loading.jl:1124
│      [7] _require_prelocked(uuidkey::Base.PkgId, env::String)
│        @ Base ./loading.jl:1667
│      [8] macro expansion
│        @ ./loading.jl:1648 [inlined]
│      [9] macro expansion
│        @ ./lock.jl:267 [inlined]
│     [10] require(into::Module, mod::Symbol)
│        @ Base ./loading.jl:1611
│     [11] include(mod::Module, _path::String)
│        @ Base ./Base.jl:457
│     [12] include(x::String)
│        @ Accessors /opt/julia/packages/Accessors/81CPQ/src/Accessors.jl:1
│     [13] top-level scope
│        @ /opt/julia/packages/Accessors/81CPQ/src/Accessors.jl:13
│     [14] include
│        @ ./Base.jl:457 [inlined]
│     [15] include_package_for_output(pkg::Base.PkgId, input::String, depot_path::Vector{String}, dl_load_path::Vector{String}, load_path::Vector{String}, concrete_deps::Vector{Pair{Base.PkgId, UInt128}}, source::String)
│        @ Base ./loading.jl:2049
│     [16] top-level scope
│        @ stdin:3
│     [17] eval
│        @ ./boot.jl:370 [inlined]
│     [18] include_string(mapexpr::typeof(identity), mod::Module, code::String, filename::String)
│        @ Base ./loading.jl:1903
│     [19] include_string
│        @ ./loading.jl:1913 [inlined]
│     [20] exec_options(opts::Base.JLOptions)
│        @ Base ./client.jl:305
│     [21] _start()
│        @ Base ./client.jl:522
└ @ Base loading.jl:1261
┌ Warning: The call to compilecache failed to create a usable precompiled cache file for Accessors [7d9f7c33-5ae7-4f3b-8dc6-eff91059b697]
│   exception = ArgumentError: Invalid checksum in cache file /users/dwatkin2/.julia/compiled/v1.9/Accessors/XelUh_AgTo3.so.
└ @ Base loading.jl:1818
┌ Warning: Module Setfield with build ID fafbfcfd-693d-4630-0001-9299ba4fd721 is missing from the cache.
│ This may mean Setfield [efcf1570-3423-57d1-acb7-fd33fddbac46] does not support precompilation but is imported by a module that does.
└ @ Base loading.jl:1793
┌ Warning: Module StaticArrays with build ID fafbfcfd-0f92-ea6c-0001-9260f4ea5928 is missing from the cache.
│ This may mean StaticArrays [90137ffa-7385-5640-81b9-e52037218182] does not support precompilation but is imported by a module that does.
└ @ Base loading.jl:1793
┌ Warning: Module StaticArrays with build ID fafbfcfd-0f92-ea6c-0001-9260f4ea5928 is missing from the cache.
│ This may mean StaticArrays [90137ffa-7385-5640-81b9-e52037218182] does not support precompilation but is imported by a module that does.
└ @ Base loading.jl:1793
┌ Warning: Module DataFrames with build ID ffffffff-ffff-ffff-0001-9291b4dba61c is missing from the cache.
│ This may mean DataFrames [a93c6f00-e57d-5684-b7b6-d8193f3e46c0] does not support precompilation but is imported by a module that does.
└ @ Base loading.jl:1793
┌ Warning: Module Setfield with build ID fafbfcfd-693d-4630-0001-9299ba4fd721 is missing from the cache.
│ This may mean Setfield [efcf1570-3423-57d1-acb7-fd33fddbac46] does not support precompilation but is imported by a module that does.
└ @ Base loading.jl:1793
┌ Warning: Module Transducers with build ID ffffffff-ffff-ffff-0001-92abe96959e5 is missing from the cache.
│ This may mean Transducers [28d57a85-8fef-5791-bfe6-a80928e7c999] does not support precompilation but is imported by a module that does.
└ @ Base loading.jl:1793
┌ Warning: Module Transducers with build ID ffffffff-ffff-ffff-0001-92abe96959e5 is missing from the cache.
│ This may mean Transducers [28d57a85-8fef-5791-bfe6-a80928e7c999] does not support precompilation but is imported by a module that does.
└ @ Base loading.jl:1793
┌ Warning: The call to compilecache failed to create a usable precompiled cache file for DataFrames [a93c6f00-e57d-5684-b7b6-d8193f3e46c0]
│   exception = Required dependency PrettyTables [08abe8d2-0d0c-5749-adfa-8a2ac140af0d] failed to load from a cache file.
└ @ Base loading.jl:1818
