## SLURM PROLOG ###############################################################
##    Job ID : 765228
##  Job Name : fetchdata_param_set07.20240223T2108Z.hudson_bay/run1
##  Nodelist : node2316
##      CPUs : 
##  Mem/Node : 12288 MB
## Directory : /oscar/home/dwatkin2
##   Job Started : Fri Feb 23 04:08:53 PM EST 2024
###############################################################################
Workflow : hudson_bay/run1
Job : 20240223T2108Z/fetchdata_param_set07/01 (try 1)
User@Host: dwatkin2@node2316.oscar.ccv.brown.edu

downloading landmask
downloading true color images
2024-02-23T16:08:57-05:00 INFO - started
.
downloading reflectance color images
.
2024-02-23T16:09:01-05:00 INFO - succeeded
[H[2J[3J