┌ Warning: The call to compilecache failed to create a usable precompiled cache file for StaticArrays [90137ffa-7385-5640-81b9-e52037218182]
│   exception = Required dependency Preferences [21216c6a-2e73-6563-6e65-726566657250] failed to load from a cache file.
└ @ Base loading.jl:1818
┌ Warning: The call to compilecache failed to create a usable precompiled cache file for PaddedViews [5432bcbf-9aad-5242-b902-cca2824c8663]
│   exception = Required dependency OffsetArrays [6fe1bfb0-de20-5000-8ca7-80f57d26f881] failed to load from a cache file.
└ @ Base loading.jl:1818
┌ Warning: Module ImageCore with build ID ffffffff-ffff-ffff-000d-400e9265da93 is missing from the cache.
│ This may mean ImageCore [a09fc81d-aa75-5fe9-8630-4744c3626534] does not support precompilation but is imported by a module that does.
└ @ Base loading.jl:1793
┌ Warning: Module ImageCore with build ID ffffffff-ffff-ffff-000d-400e9265da93 is missing from the cache.
│ This may mean ImageCore [a09fc81d-aa75-5fe9-8630-4744c3626534] does not support precompilation but is imported by a module that does.
└ @ Base loading.jl:1793
┌ Warning: Module ImageCore with build ID ffffffff-ffff-ffff-000d-400e9265da93 is missing from the cache.
│ This may mean ImageCore [a09fc81d-aa75-5fe9-8630-4744c3626534] does not support precompilation but is imported by a module that does.
└ @ Base loading.jl:1793
┌ Warning: Module ImageAxes with build ID ffffffff-ffff-ffff-000d-401736e14643 is missing from the cache.
│ This may mean ImageAxes [2803e5a7-5153-5ecf-9a86-9b4c37f5f5ac] does not support precompilation but is imported by a module that does.
└ @ Base loading.jl:1793
┌ Warning: The call to compilecache failed to create a usable precompiled cache file for FFTW_jll [f5851436-0d7a-5f13-b9de-f02708fd171a]
│   exception = ArgumentError: Invalid checksum in cache file /users/dwatkin2/.julia/compiled/v1.9/FFTW_jll/9AVlm_AgTo3.so.
└ @ Base loading.jl:1818
┌ Warning: Module ImageCore with build ID ffffffff-ffff-ffff-000d-400e9265da93 is missing from the cache.
│ This may mean ImageCore [a09fc81d-aa75-5fe9-8630-4744c3626534] does not support precompilation but is imported by a module that does.
└ @ Base loading.jl:1793
┌ Warning: Module ImageCore with build ID ffffffff-ffff-ffff-000d-400e9265da93 is missing from the cache.
│ This may mean ImageCore [a09fc81d-aa75-5fe9-8630-4744c3626534] does not support precompilation but is imported by a module that does.
└ @ Base loading.jl:1793
┌ Warning: Module DistancesSparseArraysExt with build ID fafbfcfd-15a3-bdc4-000d-401c78b016ba is missing from the cache.
│ This may mean DistancesSparseArraysExt [feee1041-5e3e-5b48-b2f8-f25e4435f184] does not support precompilation but is imported by a module that does.
└ @ Base loading.jl:1793
┌ Error: Error during loading of extension DistancesSparseArraysExt of Distances, use `Base.retry_load_extensions()` to retry.
│   exception =
│    1-element ExceptionStack:
│    Declaring __precompile__(false) is not allowed in files that are being precompiled.
│    Stacktrace:
│      [1] _require(pkg::Base.PkgId, env::Nothing)
│        @ Base ./loading.jl:1797
│      [2] _require_prelocked(uuidkey::Base.PkgId, env::Nothing)
│        @ Base ./loading.jl:1660
│      [3] _require_prelocked(uuidkey::Base.PkgId)
│        @ Base ./loading.jl:1658
│      [4] run_extension_callbacks(extid::Base.ExtensionId)
│        @ Base ./loading.jl:1255
│      [5] run_extension_callbacks(pkgid::Base.PkgId)
│        @ Base ./loading.jl:1290
│      [6] run_package_callbacks(modkey::Base.PkgId)
│        @ Base ./loading.jl:1124
│      [7] _require_prelocked(uuidkey::Base.PkgId, env::String)
│        @ Base ./loading.jl:1667
│      [8] macro expansion
│        @ ./loading.jl:1648 [inlined]
│      [9] macro expansion
│        @ ./lock.jl:267 [inlined]
│     [10] require(into::Module, mod::Symbol)
│        @ Base ./loading.jl:1611
│     [11] include
│        @ ./Base.jl:457 [inlined]
│     [12] include_package_for_output(pkg::Base.PkgId, input::String, depot_path::Vector{String}, dl_load_path::Vector{String}, load_path::Vector{String}, concrete_deps::Vector{Pair{Base.PkgId, UInt128}}, source::String)
│        @ Base ./loading.jl:2049
│     [13] top-level scope
│        @ stdin:3
│     [14] eval
│        @ ./boot.jl:370 [inlined]
│     [15] include_string(mapexpr::typeof(identity), mod::Module, code::String, filename::String)
│        @ Base ./loading.jl:1903
│     [16] include_string
│        @ ./loading.jl:1913 [inlined]
│     [17] exec_options(opts::Base.JLOptions)
│        @ Base ./client.jl:305
│     [18] _start()
│        @ Base ./client.jl:522
└ @ Base loading.jl:1261
┌ Warning: Module ImageCore with build ID ffffffff-ffff-ffff-000d-400e9265da93 is missing from the cache.
│ This may mean ImageCore [a09fc81d-aa75-5fe9-8630-4744c3626534] does not support precompilation but is imported by a module that does.
└ @ Base loading.jl:1793
┌ Warning: Module ImageCore with build ID ffffffff-ffff-ffff-000d-400e9265da93 is missing from the cache.
│ This may mean ImageCore [a09fc81d-aa75-5fe9-8630-4744c3626534] does not support precompilation but is imported by a module that does.
└ @ Base loading.jl:1793
┌ Warning: Module IntervalSetsStatisticsExt with build ID fafbfcfd-a885-9643-000d-401745a6f959 is missing from the cache.
│ This may mean IntervalSetsStatisticsExt [4669a702-d83a-5010-9a36-51bb7e898c10] does not support precompilation but is imported by a module that does.
└ @ Base loading.jl:1793
┌ Error: Error during loading of extension IntervalSetsStatisticsExt of IntervalSets, use `Base.retry_load_extensions()` to retry.
│   exception =
│    1-element ExceptionStack:
│    Declaring __precompile__(false) is not allowed in files that are being precompiled.
│    Stacktrace:
│      [1] _require(pkg::Base.PkgId, env::Nothing)
│        @ Base ./loading.jl:1797
│      [2] _require_prelocked(uuidkey::Base.PkgId, env::Nothing)
│        @ Base ./loading.jl:1660
│      [3] _require_prelocked(uuidkey::Base.PkgId)
│        @ Base ./loading.jl:1658
│      [4] run_extension_callbacks(extid::Base.ExtensionId)
│        @ Base ./loading.jl:1255
│      [5] run_extension_callbacks(pkgid::Base.PkgId)
│        @ Base ./loading.jl:1290
│      [6] run_package_callbacks(modkey::Base.PkgId)
│        @ Base ./loading.jl:1124
│      [7] _tryrequire_from_serialized(modkey::Base.PkgId, path::String, ocachepath::String, sourcepath::String, depmods::Vector{Any})
│        @ Base ./loading.jl:1398
│      [8] _require_search_from_serialized(pkg::Base.PkgId, sourcepath::String, build_id::UInt128)
│        @ Base ./loading.jl:1494
│      [9] _require(pkg::Base.PkgId, env::String)
│        @ Base ./loading.jl:1783
│     [10] _require_prelocked(uuidkey::Base.PkgId, env::String)
│        @ Base ./loading.jl:1660
│     [11] macro expansion
│        @ ./loading.jl:1648 [inlined]
│     [12] macro expansion
│        @ ./lock.jl:267 [inlined]
│     [13] require(into::Module, mod::Symbol)
│        @ Base ./loading.jl:1611
│     [14] include
│        @ ./Base.jl:457 [inlined]
│     [15] include_package_for_output(pkg::Base.PkgId, input::String, depot_path::Vector{String}, dl_load_path::Vector{String}, load_path::Vector{String}, concrete_deps::Vector{Pair{Base.PkgId, UInt128}}, source::String)
│        @ Base ./loading.jl:2049
│     [16] top-level scope
│        @ stdin:3
│     [17] eval
│        @ ./boot.jl:370 [inlined]
│     [18] include_string(mapexpr::typeof(identity), mod::Module, code::String, filename::String)
│        @ Base ./loading.jl:1903
│     [19] include_string
│        @ ./loading.jl:1913 [inlined]
│     [20] exec_options(opts::Base.JLOptions)
│        @ Base ./client.jl:305
│     [21] _start()
│        @ Base ./client.jl:522
└ @ Base loading.jl:1261
┌ Warning: Module StaticArraysStatisticsExt with build ID fafbfcfd-a7b1-3a4d-000d-400ea1ad0056 is missing from the cache.
│ This may mean StaticArraysStatisticsExt [3453fcb0-342e-5e4a-a93b-f2e19ba3ba0f] does not support precompilation but is imported by a module that does.
└ @ Base loading.jl:1793
┌ Error: Error during loading of extension StaticArraysStatisticsExt of StaticArrays, use `Base.retry_load_extensions()` to retry.
│   exception =
│    1-element ExceptionStack:
│    Declaring __precompile__(false) is not allowed in files that are being precompiled.
│    Stacktrace:
│      [1] _require(pkg::Base.PkgId, env::Nothing)
│        @ Base ./loading.jl:1797
│      [2] _require_prelocked(uuidkey::Base.PkgId, env::Nothing)
│        @ Base ./loading.jl:1660
│      [3] _require_prelocked(uuidkey::Base.PkgId)
│        @ Base ./loading.jl:1658
│      [4] run_extension_callbacks(extid::Base.ExtensionId)
│        @ Base ./loading.jl:1255
│      [5] run_extension_callbacks(pkgid::Base.PkgId)
│        @ Base ./loading.jl:1290
│      [6] run_package_callbacks(modkey::Base.PkgId)
│        @ Base ./loading.jl:1124
│      [7] _require_prelocked(uuidkey::Base.PkgId, env::String)
│        @ Base ./loading.jl:1667
│      [8] macro expansion
│        @ ./loading.jl:1648 [inlined]
│      [9] macro expansion
│        @ ./lock.jl:267 [inlined]
│     [10] require(into::Module, mod::Symbol)
│        @ Base ./loading.jl:1611
│     [11] include
│        @ ./Base.jl:457 [inlined]
│     [12] include_package_for_output(pkg::Base.PkgId, input::String, depot_path::Vector{String}, dl_load_path::Vector{String}, load_path::Vector{String}, concrete_deps::Vector{Pair{Base.PkgId, UInt128}}, source::String)
│        @ Base ./loading.jl:2049
│     [13] top-level scope
│        @ stdin:3
│     [14] eval
│        @ ./boot.jl:370 [inlined]
│     [15] include_string(mapexpr::typeof(identity), mod::Module, code::String, filename::String)
│        @ Base ./loading.jl:1903
│     [16] include_string
│        @ ./loading.jl:1913 [inlined]
│     [17] exec_options(opts::Base.JLOptions)
│        @ Base ./client.jl:305
│     [18] _start()
│        @ Base ./client.jl:522
└ @ Base loading.jl:1261
┌ Warning: Module ImageCore with build ID ffffffff-ffff-ffff-000d-400e9265da93 is missing from the cache.
│ This may mean ImageCore [a09fc81d-aa75-5fe9-8630-4744c3626534] does not support precompilation but is imported by a module that does.
└ @ Base loading.jl:1793
┌ Warning: Module DistancesSparseArraysExt with build ID fafbfcfd-15a3-bdc4-000d-401c78b016ba is missing from the cache.
│ This may mean DistancesSparseArraysExt [feee1041-5e3e-5b48-b2f8-f25e4435f184] does not support precompilation but is imported by a module that does.
└ @ Base loading.jl:1793
┌ Error: Error during loading of extension DistancesSparseArraysExt of Distances, use `Base.retry_load_extensions()` to retry.
│   exception =
│    1-element ExceptionStack:
│    Declaring __precompile__(false) is not allowed in files that are being precompiled.
│    Stacktrace:
│      [1] _require(pkg::Base.PkgId, env::Nothing)
│        @ Base ./loading.jl:1797
│      [2] _require_prelocked(uuidkey::Base.PkgId, env::Nothing)
│        @ Base ./loading.jl:1660
│      [3] _require_prelocked(uuidkey::Base.PkgId)
│        @ Base ./loading.jl:1658
│      [4] run_extension_callbacks(extid::Base.ExtensionId)
│        @ Base ./loading.jl:1255
│      [5] run_extension_callbacks(pkgid::Base.PkgId)
│        @ Base ./loading.jl:1290
│      [6] run_package_callbacks(modkey::Base.PkgId)
│        @ Base ./loading.jl:1124
│      [7] _require_prelocked(uuidkey::Base.PkgId, env::String)
│        @ Base ./loading.jl:1667
│      [8] macro expansion
│        @ ./loading.jl:1648 [inlined]
│      [9] macro expansion
│        @ ./lock.jl:267 [inlined]
│     [10] require(into::Module, mod::Symbol)
│        @ Base ./loading.jl:1611
│     [11] include
│        @ ./Base.jl:457 [inlined]
│     [12] include_package_for_output(pkg::Base.PkgId, input::String, depot_path::Vector{String}, dl_load_path::Vector{String}, load_path::Vector{String}, concrete_deps::Vector{Pair{Base.PkgId, UInt128}}, source::String)
│        @ Base ./loading.jl:2049
│     [13] top-level scope
│        @ stdin:3
│     [14] eval
│        @ ./boot.jl:370 [inlined]
│     [15] include_string(mapexpr::typeof(identity), mod::Module, code::String, filename::String)
│        @ Base ./loading.jl:1903
│     [16] include_string
│        @ ./loading.jl:1913 [inlined]
│     [17] exec_options(opts::Base.JLOptions)
│        @ Base ./client.jl:305
│     [18] _start()
│        @ Base ./client.jl:522
└ @ Base loading.jl:1261
┌ Warning: Module StaticArraysStatisticsExt with build ID fafbfcfd-a7b1-3a4d-000d-400ea1ad0056 is missing from the cache.
│ This may mean StaticArraysStatisticsExt [3453fcb0-342e-5e4a-a93b-f2e19ba3ba0f] does not support precompilation but is imported by a module that does.
└ @ Base loading.jl:1793
┌ Error: Error during loading of extension StaticArraysStatisticsExt of StaticArrays, use `Base.retry_load_extensions()` to retry.
│   exception =
│    1-element ExceptionStack:
│    Declaring __precompile__(false) is not allowed in files that are being precompiled.
│    Stacktrace:
│      [1] _require(pkg::Base.PkgId, env::Nothing)
│        @ Base ./loading.jl:1797
│      [2] _require_prelocked(uuidkey::Base.PkgId, env::Nothing)
│        @ Base ./loading.jl:1660
│      [3] _require_prelocked(uuidkey::Base.PkgId)
│        @ Base ./loading.jl:1658
│      [4] run_extension_callbacks(extid::Base.ExtensionId)
│        @ Base ./loading.jl:1255
│      [5] run_extension_callbacks(pkgid::Base.PkgId)
│        @ Base ./loading.jl:1290
│      [6] run_package_callbacks(modkey::Base.PkgId)
│        @ Base ./loading.jl:1124
│      [7] _require_prelocked(uuidkey::Base.PkgId, env::String)
│        @ Base ./loading.jl:1667
│      [8] macro expansion
│        @ ./loading.jl:1648 [inlined]
│      [9] macro expansion
│        @ ./lock.jl:267 [inlined]
│     [10] require(into::Module, mod::Symbol)
│        @ Base ./loading.jl:1611
│     [11] include
│        @ ./Base.jl:457 [inlined]
│     [12] include_package_for_output(pkg::Base.PkgId, input::String, depot_path::Vector{String}, dl_load_path::Vector{String}, load_path::Vector{String}, concrete_deps::Vector{Pair{Base.PkgId, UInt128}}, source::String)
│        @ Base ./loading.jl:2049
│     [13] top-level scope
│        @ stdin:3
│     [14] eval
│        @ ./boot.jl:370 [inlined]
│     [15] include_string(mapexpr::typeof(identity), mod::Module, code::String, filename::String)
│        @ Base ./loading.jl:1903
│     [16] include_string
│        @ ./loading.jl:1913 [inlined]
│     [17] exec_options(opts::Base.JLOptions)
│        @ Base ./client.jl:305
│     [18] _start()
│        @ Base ./client.jl:522
└ @ Base loading.jl:1261
┌ Warning: Module DistancesSparseArraysExt with build ID fafbfcfd-15a3-bdc4-000d-401c78b016ba is missing from the cache.
│ This may mean DistancesSparseArraysExt [feee1041-5e3e-5b48-b2f8-f25e4435f184] does not support precompilation but is imported by a module that does.
└ @ Base loading.jl:1793
┌ Error: Error during loading of extension DistancesSparseArraysExt of Distances, use `Base.retry_load_extensions()` to retry.
│   exception =
│    1-element ExceptionStack:
│    Declaring __precompile__(false) is not allowed in files that are being precompiled.
│    Stacktrace:
│      [1] _require(pkg::Base.PkgId, env::Nothing)
│        @ Base ./loading.jl:1797
│      [2] _require_prelocked(uuidkey::Base.PkgId, env::Nothing)
│        @ Base ./loading.jl:1660
│      [3] _require_prelocked(uuidkey::Base.PkgId)
│        @ Base ./loading.jl:1658
│      [4] run_extension_callbacks(extid::Base.ExtensionId)
│        @ Base ./loading.jl:1255
│      [5] run_extension_callbacks(pkgid::Base.PkgId)
│        @ Base ./loading.jl:1290
│      [6] run_package_callbacks(modkey::Base.PkgId)
│        @ Base ./loading.jl:1124
│      [7] _require_prelocked(uuidkey::Base.PkgId, env::String)
│        @ Base ./loading.jl:1667
│      [8] macro expansion
│        @ ./loading.jl:1648 [inlined]
│      [9] macro expansion
│        @ ./lock.jl:267 [inlined]
│     [10] require(into::Module, mod::Symbol)
│        @ Base ./loading.jl:1611
│     [11] include
│        @ ./Base.jl:457 [inlined]
│     [12] include_package_for_output(pkg::Base.PkgId, input::String, depot_path::Vector{String}, dl_load_path::Vector{String}, load_path::Vector{String}, concrete_deps::Vector{Pair{Base.PkgId, UInt128}}, source::String)
│        @ Base ./loading.jl:2049
│     [13] top-level scope
│        @ stdin:3
│     [14] eval
│        @ ./boot.jl:370 [inlined]
│     [15] include_string(mapexpr::typeof(identity), mod::Module, code::String, filename::String)
│        @ Base ./loading.jl:1903
│     [16] include_string
│        @ ./loading.jl:1913 [inlined]
│     [17] exec_options(opts::Base.JLOptions)
│        @ Base ./client.jl:305
│     [18] _start()
│        @ Base ./client.jl:522
└ @ Base loading.jl:1261
┌ Warning: Module StaticArraysStatisticsExt with build ID fafbfcfd-a7b1-3a4d-000d-400ea1ad0056 is missing from the cache.
│ This may mean StaticArraysStatisticsExt [3453fcb0-342e-5e4a-a93b-f2e19ba3ba0f] does not support precompilation but is imported by a module that does.
└ @ Base loading.jl:1793
┌ Error: Error during loading of extension StaticArraysStatisticsExt of StaticArrays, use `Base.retry_load_extensions()` to retry.
│   exception =
│    1-element ExceptionStack:
│    Declaring __precompile__(false) is not allowed in files that are being precompiled.
│    Stacktrace:
│      [1] _require(pkg::Base.PkgId, env::Nothing)
│        @ Base ./loading.jl:1797
│      [2] _require_prelocked(uuidkey::Base.PkgId, env::Nothing)
│        @ Base ./loading.jl:1660
│      [3] _require_prelocked(uuidkey::Base.PkgId)
│        @ Base ./loading.jl:1658
│      [4] run_extension_callbacks(extid::Base.ExtensionId)
│        @ Base ./loading.jl:1255
│      [5] run_extension_callbacks(pkgid::Base.PkgId)
│        @ Base ./loading.jl:1290
│      [6] run_package_callbacks(modkey::Base.PkgId)
│        @ Base ./loading.jl:1124
│      [7] _tryrequire_from_serialized(modkey::Base.PkgId, build_id::UInt128)
│        @ Base ./loading.jl:1357
│      [8] _tryrequire_from_serialized(pkg::Base.PkgId, path::String, ocachepath::String)
│        @ Base ./loading.jl:1435
│      [9] _require(pkg::Base.PkgId, env::String)
│        @ Base ./loading.jl:1816
│     [10] _require_prelocked(uuidkey::Base.PkgId, env::String)
│        @ Base ./loading.jl:1660
│     [11] macro expansion
│        @ ./loading.jl:1648 [inlined]
│     [12] macro expansion
│        @ ./lock.jl:267 [inlined]
│     [13] require(into::Module, mod::Symbol)
│        @ Base ./loading.jl:1611
│     [14] include
│        @ ./Base.jl:457 [inlined]
│     [15] include_package_for_output(pkg::Base.PkgId, input::String, depot_path::Vector{String}, dl_load_path::Vector{String}, load_path::Vector{String}, concrete_deps::Vector{Pair{Base.PkgId, UInt128}}, source::String)
│        @ Base ./loading.jl:2049
│     [16] top-level scope
│        @ stdin:3
│     [17] eval
│        @ ./boot.jl:370 [inlined]
│     [18] include_string(mapexpr::typeof(identity), mod::Module, code::String, filename::String)
│        @ Base ./loading.jl:1903
│     [19] include_string
│        @ ./loading.jl:1913 [inlined]
│     [20] exec_options(opts::Base.JLOptions)
│        @ Base ./client.jl:305
│     [21] _start()
│        @ Base ./client.jl:522
└ @ Base loading.jl:1261
┌ Warning: Module StatsBase with build ID ffffffff-ffff-ffff-000d-401295efbb57 is missing from the cache.
│ This may mean StatsBase [2913bbd2-ae8a-5f71-8c99-4fb6c76f3a91] does not support precompilation but is imported by a module that does.
└ @ Base loading.jl:1793
┌ Warning: Module StaticArraysStatisticsExt with build ID fafbfcfd-a7b1-3a4d-000d-400ea1ad0056 is missing from the cache.
│ This may mean StaticArraysStatisticsExt [3453fcb0-342e-5e4a-a93b-f2e19ba3ba0f] does not support precompilation but is imported by a module that does.
└ @ Base loading.jl:1793
┌ Error: Error during loading of extension StaticArraysStatisticsExt of StaticArrays, use `Base.retry_load_extensions()` to retry.
│   exception =
│    1-element ExceptionStack:
│    Declaring __precompile__(false) is not allowed in files that are being precompiled.
│    Stacktrace:
│      [1] _require(pkg::Base.PkgId, env::Nothing)
│        @ Base ./loading.jl:1797
│      [2] _require_prelocked(uuidkey::Base.PkgId, env::Nothing)
│        @ Base ./loading.jl:1660
│      [3] _require_prelocked(uuidkey::Base.PkgId)
│        @ Base ./loading.jl:1658
│      [4] run_extension_callbacks(extid::Base.ExtensionId)
│        @ Base ./loading.jl:1255
│      [5] run_extension_callbacks(pkgid::Base.PkgId)
│        @ Base ./loading.jl:1290
│      [6] run_package_callbacks(modkey::Base.PkgId)
│        @ Base ./loading.jl:1124
│      [7] _require_prelocked(uuidkey::Base.PkgId, env::String)
│        @ Base ./loading.jl:1667
│      [8] macro expansion
│        @ ./loading.jl:1648 [inlined]
│      [9] macro expansion
│        @ ./lock.jl:267 [inlined]
│     [10] require(into::Module, mod::Symbol)
│        @ Base ./loading.jl:1611
│     [11] include
│        @ ./Base.jl:457 [inlined]
│     [12] include_package_for_output(pkg::Base.PkgId, input::String, depot_path::Vector{String}, dl_load_path::Vector{String}, load_path::Vector{String}, concrete_deps::Vector{Pair{Base.PkgId, UInt128}}, source::String)
│        @ Base ./loading.jl:2049
│     [13] top-level scope
│        @ stdin:3
│     [14] eval
│        @ ./boot.jl:370 [inlined]
│     [15] include_string(mapexpr::typeof(identity), mod::Module, code::String, filename::String)
│        @ Base ./loading.jl:1903
│     [16] include_string
│        @ ./loading.jl:1913 [inlined]
│     [17] exec_options(opts::Base.JLOptions)
│        @ Base ./client.jl:305
│     [18] _start()
│        @ Base ./client.jl:522
└ @ Base loading.jl:1261
┌ Warning: Module Graphs with build ID fafbfcfd-e9e6-63f2-000d-401f553c9178 is missing from the cache.
│ This may mean Graphs [86223c79-3864-5bf0-83f7-82e725a168b6] does not support precompilation but is imported by a module that does.
└ @ Base loading.jl:1793
┌ Warning: Module FileIO with build ID fafbfcfd-0ce3-704c-000d-400fdad42cdc is missing from the cache.
│ This may mean FileIO [5789e2e9-d7fb-5bc7-8068-2c6fae9b9549] does not support precompilation but is imported by a module that does.
└ @ Base loading.jl:1793
┌ Warning: Module Graphs with build ID fafbfcfd-e9e6-63f2-000d-401f553c9178 is missing from the cache.
│ This may mean Graphs [86223c79-3864-5bf0-83f7-82e725a168b6] does not support precompilation but is imported by a module that does.
└ @ Base loading.jl:1793
┌ Warning: Module FileIO with build ID fafbfcfd-0ce3-704c-000d-400fdad42cdc is missing from the cache.
│ This may mean FileIO [5789e2e9-d7fb-5bc7-8068-2c6fae9b9549] does not support precompilation but is imported by a module that does.
└ @ Base loading.jl:1793
┌ Warning: The call to compilecache failed to create a usable precompiled cache file for InlineStrings [842dd82b-1e85-43dc-bf29-5d0ee9dffc48]
│   exception = Required dependency Parsers [69de0a69-1ddd-5017-9359-2bf0b02dc9f0] failed to load from a cache file.
└ @ Base loading.jl:1818
┌ Warning: Module FFTW with build ID fafbfcfd-e277-627c-000d-4017f6656b94 is missing from the cache.
│ This may mean FFTW [7a1cc6ca-52ef-59f5-83cd-3a7055c09341] does not support precompilation but is imported by a module that does.
└ @ Base loading.jl:1793
┌ Warning: Module FFTW with build ID fafbfcfd-e277-627c-000d-4017f6656b94 is missing from the cache.
│ This may mean FFTW [7a1cc6ca-52ef-59f5-83cd-3a7055c09341] does not support precompilation but is imported by a module that does.
└ @ Base loading.jl:1793
┌ Warning: Module LoopVectorization with build ID ffffffff-ffff-ffff-000d-404a31896245 is missing from the cache.
│ This may mean LoopVectorization [bdcacae8-1622-11e9-2a5c-532679323890] does not support precompilation but is imported by a module that does.
└ @ Base loading.jl:1793
┌ Warning: Module ArgParse with build ID fafbfcfd-572f-2b7a-000d-4000a8e23a61 is missing from the cache.
│ This may mean ArgParse [c7e460c6-2fb9-53a9-8c5b-16f535851c63] does not support precompilation but is imported by a module that does.
└ @ Base loading.jl:1793
┌ Warning: Module DataFrames with build ID ffffffff-ffff-ffff-000d-402ffacc4a6b is missing from the cache.
│ This may mean DataFrames [a93c6f00-e57d-5684-b7b6-d8193f3e46c0] does not support precompilation but is imported by a module that does.
└ @ Base loading.jl:1793
┌ Warning: Module DataFrames with build ID ffffffff-ffff-ffff-000d-402ffacc4a6b is missing from the cache.
│ This may mean DataFrames [a93c6f00-e57d-5684-b7b6-d8193f3e46c0] does not support precompilation but is imported by a module that does.
└ @ Base loading.jl:1793
┌ Warning: Module FileIO with build ID fafbfcfd-0ce3-704c-000d-400fdad42cdc is missing from the cache.
│ This may mean FileIO [5789e2e9-d7fb-5bc7-8068-2c6fae9b9549] does not support precompilation but is imported by a module that does.
└ @ Base loading.jl:1793
┌ Warning: Module FileIO with build ID fafbfcfd-0ce3-704c-000d-400fdad42cdc is missing from the cache.
│ This may mean FileIO [5789e2e9-d7fb-5bc7-8068-2c6fae9b9549] does not support precompilation but is imported by a module that does.
└ @ Base loading.jl:1793
┌ Warning: The call to compilecache failed to create a usable precompiled cache file for ImageCore [a09fc81d-aa75-5fe9-8630-4744c3626534]
│   exception = ArgumentError: Invalid checksum in cache file /users/dwatkin2/.julia/compiled/v1.9/ImageCore/cqNLm_AgTo3.so.
└ @ Base loading.jl:1818
┌ Warning: The call to compilecache failed to create a usable precompiled cache file for StatsBase [2913bbd2-ae8a-5f71-8c99-4fb6c76f3a91]
│   exception = Required dependency DataStructures [864edb3b-99cc-5e75-8d2d-829cb0a9cfe8] failed to load from a cache file.
└ @ Base loading.jl:1818
┌ Warning: The call to compilecache failed to create a usable precompiled cache file for Rotations [6038ab10-8711-5258-84ad-4b1120ba62dc]
│   exception = Required dependency Quaternions [94ee1d12-ae83-5a48-8b1c-48b8ff168ae0] failed to load from a cache file.
└ @ Base loading.jl:1818
┌ Warning: The call to compilecache failed to create a usable precompiled cache file for Interpolations [a98d9a8b-a2ab-59e6-89dd-64a1c18fca59]
│   exception = Invalid input in module list: expected AdaptStaticArraysExt.
└ @ Base loading.jl:1818
┌ Warning: The call to compilecache failed to create a usable precompiled cache file for PyCall [438e738f-606a-5dbb-bf0a-cddfbfd45ab0]
│   exception = Required dependency Conda [8f4d0f93-b110-5947-807f-2305c1781a2d] failed to load from a cache file.
└ @ Base loading.jl:1818
┌ Warning: The call to compilecache failed to create a usable precompiled cache file for LoopVectorization [bdcacae8-1622-11e9-2a5c-532679323890]
│   exception = Required dependency VectorizationBase [3d5dd08c-fd9d-11e8-17fa-ed2836048c2f] failed to load from a cache file.
└ @ Base loading.jl:1818
