## SLURM PROLOG ###############################################################
##    Job ID : 215574
##  Job Name : fetchdata_param_set00.20240124T1406Z.baffin_bay/run4
##  Nodelist : node1328
##      CPUs : 
##  Mem/Node : 12288 MB
## Directory : /oscar/home/dwatkin2
##   Job Started : Wed Jan 24 09:07:49 AM EST 2024
###############################################################################
Workflow : baffin_bay/run4
Job : 20240124T1406Z/fetchdata_param_set00/01 (try 1)
User@Host: dwatkin2@node1328.oscar.ccv.brown.edu

downloading landmask
2024-01-24T09:07:51-05:00 INFO - started
downloading true color images
.
downloading reflectance color images
.
2024-01-24T09:08:02-05:00 INFO - succeeded
[H[2J[3J