## SLURM PROLOG ###############################################################
##    Job ID : 707288
##  Job Name : fetchdata_param_set00.20240221T1715Z.barents-kara_seas/run1
##  Nodelist : node1737
##      CPUs : 
##  Mem/Node : 12288 MB
## Directory : /oscar/home/dwatkin2
##   Job Started : Wed Feb 21 12:23:02 PM EST 2024
###############################################################################
Workflow : barents-kara_seas/run1
Job : 20240221T1715Z/fetchdata_param_set00/01 (try 1)
User@Host: dwatkin2@node1737.oscar.ccv.brown.edu

downloading landmask
downloading true color images
2024-02-21T12:23:06-05:00 INFO - started
.
downloading reflectance color images
.
2024-02-21T12:23:10-05:00 INFO - succeeded
[H[2J[3J