## SLURM PROLOG ###############################################################
##    Job ID : 761462
##  Job Name : fetchdata_param_set07.20240223T1604Z.greenland_sea/run1
##  Nodelist : node2303
##      CPUs : 
##  Mem/Node : 12288 MB
## Directory : /oscar/home/dwatkin2
##   Job Started : Fri Feb 23 11:04:39 AM EST 2024
###############################################################################
Workflow : greenland_sea/run1
Job : 20240223T1604Z/fetchdata_param_set07/01 (try 1)
User@Host: dwatkin2@node2303.oscar.ccv.brown.edu

downloading landmask
downloading true color images
2024-02-23T11:04:44-05:00 INFO - started
.
downloading reflectance color images
.
2024-02-23T11:04:46-05:00 INFO - succeeded
[H[2J[3J