INFO:    Environment variable SINGULARITY_CACHEDIR is set, but APPTAINER_CACHEDIR is preferred
INFO:    Converting OCI blobs to SIF format
INFO:    Starting build...
Getting image source signatures
Copying blob sha256:4f4fb700ef54461cfa02571ae0db9a0dc1e0cdb5577484a6d75e68dc38e8acc1
Copying blob sha256:c983e8fc92c1970a3b0376cbed1a97b7ec53914678412e03fe294ee4ce245577
Copying blob sha256:af107e978371b6cd6339127a05502c5eacd1e6b0e9eb7b2f4aa7b6fc87e2dd81
Copying blob sha256:1f47bca2452f05da41814556fbef89a9bab61c73bb42618a80636c4723a97e6b
Copying blob sha256:4edcc7495dd9dba98d2e503658316a19c807ee0c86418b52db00f16db6e60997
Copying blob sha256:e88a3eb587de78223cbd4936c626453fa6832de198ab1b2edd27c135dd63641f
Copying blob sha256:836db7a6e3b3d9e51f69280dcf82c95f326d0307067b8196ab0742e5d1365601
Copying blob sha256:173a9d8f8036ba0681c7fc7f85bf067fdec571ca20efc2d8187db46ce7750f5e
Copying blob sha256:96717221685d294078fa2d825ac8bdfedf8a2f61ec1135f6d86ac2d4eedcfbc7
Copying blob sha256:267d3155e118e5b48baf102970c085c3a2f5f30a56747dda28b874fe006f4a61
Copying config sha256:9bc606eb76eeb2b0babf42b548e271c56c014bc6348b25adcf0c2e94872d11c0
Writing manifest to image destination
Storing signatures
2024/03/20 16:47:10  info unpack layer: sha256:af107e978371b6cd6339127a05502c5eacd1e6b0e9eb7b2f4aa7b6fc87e2dd81
2024/03/20 16:47:10  warn xattr{etc/gshadow} ignoring ENOTSUP on setxattr "user.rootlesscontainers"
2024/03/20 16:47:10  warn xattr{/tmp/build-temp-1840518322/rootfs/etc/gshadow} destination filesystem does not support xattrs, further warnings will be suppressed
2024/03/20 16:47:10  info unpack layer: sha256:c983e8fc92c1970a3b0376cbed1a97b7ec53914678412e03fe294ee4ce245577
2024/03/20 16:47:10  warn xattr{var/cache/apt/archives/partial} ignoring ENOTSUP on setxattr "user.rootlesscontainers"
2024/03/20 16:47:10  warn xattr{/tmp/build-temp-1840518322/rootfs/var/cache/apt/archives/partial} destination filesystem does not support xattrs, further warnings will be suppressed
2024/03/20 16:47:10  info unpack layer: sha256:1f47bca2452f05da41814556fbef89a9bab61c73bb42618a80636c4723a97e6b
2024/03/20 16:47:10  warn xattr{usr/local/julia/LICENSE.md} ignoring ENOTSUP on setxattr "user.rootlesscontainers"
2024/03/20 16:47:10  warn xattr{/tmp/build-temp-1840518322/rootfs/usr/local/julia/LICENSE.md} destination filesystem does not support xattrs, further warnings will be suppressed
2024/03/20 16:47:11  warn rootless{usr/local/julia/lib/julia/libLLVM.so} ignoring (usually) harmless EPERM on setxattr "user.rootlesscontainers"
2024/03/20 16:47:11  warn rootless{usr/local/julia/lib/julia/libamd.so} ignoring (usually) harmless EPERM on setxattr "user.rootlesscontainers"
2024/03/20 16:47:11  warn rootless{usr/local/julia/lib/julia/libamd.so.2} ignoring (usually) harmless EPERM on setxattr "user.rootlesscontainers"
2024/03/20 16:47:11  warn rootless{usr/local/julia/lib/julia/libatomic.so} ignoring (usually) harmless EPERM on setxattr "user.rootlesscontainers"
2024/03/20 16:47:11  warn rootless{usr/local/julia/lib/julia/libatomic.so.1} ignoring (usually) harmless EPERM on setxattr "user.rootlesscontainers"
2024/03/20 16:47:11  warn rootless{usr/local/julia/lib/julia/libblastrampoline.so} ignoring (usually) harmless EPERM on setxattr "user.rootlesscontainers"
2024/03/20 16:47:11  warn rootless{usr/local/julia/lib/julia/libblastrampoline.so.5.4.0} ignoring (usually) harmless EPERM on setxattr "user.rootlesscontainers"
2024/03/20 16:47:11  warn rootless{usr/local/julia/lib/julia/libbtf.so} ignoring (usually) harmless EPERM on setxattr "user.rootlesscontainers"
2024/03/20 16:47:11  warn rootless{usr/local/julia/lib/julia/libbtf.so.1} ignoring (usually) harmless EPERM on setxattr "user.rootlesscontainers"
2024/03/20 16:47:11  warn rootless{usr/local/julia/lib/julia/libcamd.so} ignoring (usually) harmless EPERM on setxattr "user.rootlesscontainers"
2024/03/20 16:47:11  warn rootless{usr/local/julia/lib/julia/libcamd.so.2} ignoring (usually) harmless EPERM on setxattr "user.rootlesscontainers"
2024/03/20 16:47:11  warn rootless{usr/local/julia/lib/julia/libccolamd.so} ignoring (usually) harmless EPERM on setxattr "user.rootlesscontainers"
2024/03/20 16:47:11  warn rootless{usr/local/julia/lib/julia/libccolamd.so.2} ignoring (usually) harmless EPERM on setxattr "user.rootlesscontainers"
2024/03/20 16:47:11  warn rootless{usr/local/julia/lib/julia/libcholmod.so} ignoring (usually) harmless EPERM on setxattr "user.rootlesscontainers"
2024/03/20 16:47:11  warn rootless{usr/local/julia/lib/julia/libcholmod.so.3} ignoring (usually) harmless EPERM on setxattr "user.rootlesscontainers"
2024/03/20 16:47:11  warn rootless{usr/local/julia/lib/julia/libcolamd.so} ignoring (usually) harmless EPERM on setxattr "user.rootlesscontainers"
2024/03/20 16:47:11  warn rootless{usr/local/julia/lib/julia/libcolamd.so.2} ignoring (usually) harmless EPERM on setxattr "user.rootlesscontainers"
2024/03/20 16:47:11  warn rootless{usr/local/julia/lib/julia/libcurl.so} ignoring (usually) harmless EPERM on setxattr "user.rootlesscontainers"
2024/03/20 16:47:11  warn rootless{usr/local/julia/lib/julia/libcurl.so.4} ignoring (usually) harmless EPERM on setxattr "user.rootlesscontainers"
2024/03/20 16:47:11  warn rootless{usr/local/julia/lib/julia/libgfortran.so} ignoring (usually) harmless EPERM on setxattr "user.rootlesscontainers"
2024/03/20 16:47:11  warn rootless{usr/local/julia/lib/julia/libgfortran.so.5} ignoring (usually) harmless EPERM on setxattr "user.rootlesscontainers"
2024/03/20 16:47:11  warn rootless{usr/local/julia/lib/julia/libgit2.so} ignoring (usually) harmless EPERM on setxattr "user.rootlesscontainers"
2024/03/20 16:47:11  warn rootless{usr/local/julia/lib/julia/libgit2.so.1.5} ignoring (usually) harmless EPERM on setxattr "user.rootlesscontainers"
2024/03/20 16:47:11  warn rootless{usr/local/julia/lib/julia/libgmp.so} ignoring (usually) harmless EPERM on setxattr "user.rootlesscontainers"
2024/03/20 16:47:11  warn rootless{usr/local/julia/lib/julia/libgmp.so.10} ignoring (usually) harmless EPERM on setxattr "user.rootlesscontainers"
2024/03/20 16:47:11  warn rootless{usr/local/julia/lib/julia/libgmpxx.so} ignoring (usually) harmless EPERM on setxattr "user.rootlesscontainers"
2024/03/20 16:47:11  warn rootless{usr/local/julia/lib/julia/libgmpxx.so.4} ignoring (usually) harmless EPERM on setxattr "user.rootlesscontainers"
2024/03/20 16:47:11  warn rootless{usr/local/julia/lib/julia/libgomp.so} ignoring (usually) harmless EPERM on setxattr "user.rootlesscontainers"
2024/03/20 16:47:11  warn rootless{usr/local/julia/lib/julia/libgomp.so.1} ignoring (usually) harmless EPERM on setxattr "user.rootlesscontainers"
2024/03/20 16:47:11  warn rootless{usr/local/julia/lib/julia/libjulia-codegen.so} ignoring (usually) harmless EPERM on setxattr "user.rootlesscontainers"
2024/03/20 16:47:11  warn rootless{usr/local/julia/lib/julia/libjulia-codegen.so.1} ignoring (usually) harmless EPERM on setxattr "user.rootlesscontainers"
2024/03/20 16:47:12  warn rootless{usr/local/julia/lib/julia/libjulia-internal.so} ignoring (usually) harmless EPERM on setxattr "user.rootlesscontainers"
2024/03/20 16:47:12  warn rootless{usr/local/julia/lib/julia/libjulia-internal.so.1} ignoring (usually) harmless EPERM on setxattr "user.rootlesscontainers"
2024/03/20 16:47:12  warn rootless{usr/local/julia/lib/julia/libklu.so} ignoring (usually) harmless EPERM on setxattr "user.rootlesscontainers"
2024/03/20 16:47:12  warn rootless{usr/local/julia/lib/julia/libklu.so.1} ignoring (usually) harmless EPERM on setxattr "user.rootlesscontainers"
2024/03/20 16:47:12  warn rootless{usr/local/julia/lib/julia/libldl.so} ignoring (usually) harmless EPERM on setxattr "user.rootlesscontainers"
2024/03/20 16:47:12  warn rootless{usr/local/julia/lib/julia/libldl.so.2} ignoring (usually) harmless EPERM on setxattr "user.rootlesscontainers"
2024/03/20 16:47:12  warn rootless{usr/local/julia/lib/julia/libmbedcrypto.so} ignoring (usually) harmless EPERM on setxattr "user.rootlesscontainers"
2024/03/20 16:47:12  warn rootless{usr/local/julia/lib/julia/libmbedcrypto.so.7} ignoring (usually) harmless EPERM on setxattr "user.rootlesscontainers"
2024/03/20 16:47:12  warn rootless{usr/local/julia/lib/julia/libmbedtls.so} ignoring (usually) harmless EPERM on setxattr "user.rootlesscontainers"
2024/03/20 16:47:12  warn rootless{usr/local/julia/lib/julia/libmbedtls.so.14} ignoring (usually) harmless EPERM on setxattr "user.rootlesscontainers"
2024/03/20 16:47:12  warn rootless{usr/local/julia/lib/julia/libmbedx509.so} ignoring (usually) harmless EPERM on setxattr "user.rootlesscontainers"
2024/03/20 16:47:12  warn rootless{usr/local/julia/lib/julia/libmbedx509.so.1} ignoring (usually) harmless EPERM on setxattr "user.rootlesscontainers"
2024/03/20 16:47:12  warn rootless{usr/local/julia/lib/julia/libmpfr.so} ignoring (usually) harmless EPERM on setxattr "user.rootlesscontainers"
2024/03/20 16:47:12  warn rootless{usr/local/julia/lib/julia/libmpfr.so.6} ignoring (usually) harmless EPERM on setxattr "user.rootlesscontainers"
2024/03/20 16:47:12  warn rootless{usr/local/julia/lib/julia/libnghttp2.so} ignoring (usually) harmless EPERM on setxattr "user.rootlesscontainers"
2024/03/20 16:47:12  warn rootless{usr/local/julia/lib/julia/libnghttp2.so.14} ignoring (usually) harmless EPERM on setxattr "user.rootlesscontainers"
2024/03/20 16:47:12  warn rootless{usr/local/julia/lib/julia/libopenblas64_.so} ignoring (usually) harmless EPERM on setxattr "user.rootlesscontainers"
2024/03/20 16:47:12  warn rootless{usr/local/julia/lib/julia/libopenblas64_.so.0} ignoring (usually) harmless EPERM on setxattr "user.rootlesscontainers"
2024/03/20 16:47:12  warn rootless{usr/local/julia/lib/julia/libopenlibm.so} ignoring (usually) harmless EPERM on setxattr "user.rootlesscontainers"
2024/03/20 16:47:12  warn rootless{usr/local/julia/lib/julia/libopenlibm.so.4} ignoring (usually) harmless EPERM on setxattr "user.rootlesscontainers"
2024/03/20 16:47:12  warn rootless{usr/local/julia/lib/julia/libpcre2-8.so} ignoring (usually) harmless EPERM on setxattr "user.rootlesscontainers"
2024/03/20 16:47:12  warn rootless{usr/local/julia/lib/julia/libpcre2-8.so.0} ignoring (usually) harmless EPERM on setxattr "user.rootlesscontainers"
2024/03/20 16:47:12  warn rootless{usr/local/julia/lib/julia/libquadmath.so} ignoring (usually) harmless EPERM on setxattr "user.rootlesscontainers"
2024/03/20 16:47:12  warn rootless{usr/local/julia/lib/julia/libquadmath.so.0} ignoring (usually) harmless EPERM on setxattr "user.rootlesscontainers"
2024/03/20 16:47:12  warn rootless{usr/local/julia/lib/julia/librbio.so} ignoring (usually) harmless EPERM on setxattr "user.rootlesscontainers"
2024/03/20 16:47:12  warn rootless{usr/local/julia/lib/julia/librbio.so.2} ignoring (usually) harmless EPERM on setxattr "user.rootlesscontainers"
2024/03/20 16:47:12  warn rootless{usr/local/julia/lib/julia/libspqr.so} ignoring (usually) harmless EPERM on setxattr "user.rootlesscontainers"
2024/03/20 16:47:12  warn rootless{usr/local/julia/lib/julia/libspqr.so.2} ignoring (usually) harmless EPERM on setxattr "user.rootlesscontainers"
2024/03/20 16:47:12  warn rootless{usr/local/julia/lib/julia/libssh2.so} ignoring (usually) harmless EPERM on setxattr "user.rootlesscontainers"
2024/03/20 16:47:12  warn rootless{usr/local/julia/lib/julia/libssh2.so.1} ignoring (usually) harmless EPERM on setxattr "user.rootlesscontainers"
2024/03/20 16:47:12  warn rootless{usr/local/julia/lib/julia/libssp.so} ignoring (usually) harmless EPERM on setxattr "user.rootlesscontainers"
2024/03/20 16:47:12  warn rootless{usr/local/julia/lib/julia/libssp.so.0} ignoring (usually) harmless EPERM on setxattr "user.rootlesscontainers"
2024/03/20 16:47:12  warn rootless{usr/local/julia/lib/julia/libstdc++.so} ignoring (usually) harmless EPERM on setxattr "user.rootlesscontainers"
2024/03/20 16:47:12  warn rootless{usr/local/julia/lib/julia/libstdc++.so.6} ignoring (usually) harmless EPERM on setxattr "user.rootlesscontainers"
2024/03/20 16:47:12  warn rootless{usr/local/julia/lib/julia/libsuitesparseconfig.so} ignoring (usually) harmless EPERM on setxattr "user.rootlesscontainers"
2024/03/20 16:47:12  warn rootless{usr/local/julia/lib/julia/libsuitesparseconfig.so.5} ignoring (usually) harmless EPERM on setxattr "user.rootlesscontainers"
2024/03/20 16:47:12  warn rootless{usr/local/julia/lib/julia/libumfpack.so} ignoring (usually) harmless EPERM on setxattr "user.rootlesscontainers"
2024/03/20 16:47:12  warn rootless{usr/local/julia/lib/julia/libumfpack.so.5} ignoring (usually) harmless EPERM on setxattr "user.rootlesscontainers"
2024/03/20 16:47:12  warn rootless{usr/local/julia/lib/julia/libunwind.so} ignoring (usually) harmless EPERM on setxattr "user.rootlesscontainers"
2024/03/20 16:47:12  warn rootless{usr/local/julia/lib/julia/libunwind.so.8} ignoring (usually) harmless EPERM on setxattr "user.rootlesscontainers"
2024/03/20 16:47:12  warn rootless{usr/local/julia/lib/julia/libuv.so} ignoring (usually) harmless EPERM on setxattr "user.rootlesscontainers"
2024/03/20 16:47:12  warn rootless{usr/local/julia/lib/julia/libuv.so.2} ignoring (usually) harmless EPERM on setxattr "user.rootlesscontainers"
2024/03/20 16:47:12  warn rootless{usr/local/julia/lib/julia/libz.so} ignoring (usually) harmless EPERM on setxattr "user.rootlesscontainers"
2024/03/20 16:47:12  warn rootless{usr/local/julia/lib/julia/libz.so.1} ignoring (usually) harmless EPERM on setxattr "user.rootlesscontainers"
2024/03/20 16:47:13  warn rootless{usr/local/julia/lib/libjulia.so} ignoring (usually) harmless EPERM on setxattr "user.rootlesscontainers"
2024/03/20 16:47:13  warn rootless{usr/local/julia/lib/libjulia.so.1} ignoring (usually) harmless EPERM on setxattr "user.rootlesscontainers"
2024/03/20 16:47:14  info unpack layer: sha256:4edcc7495dd9dba98d2e503658316a19c807ee0c86418b52db00f16db6e60997
2024/03/20 16:47:14  info unpack layer: sha256:e88a3eb587de78223cbd4936c626453fa6832de198ab1b2edd27c135dd63641f
2024/03/20 16:47:14  warn xattr{etc/gshadow} ignoring ENOTSUP on setxattr "user.rootlesscontainers"
2024/03/20 16:47:14  warn xattr{/tmp/build-temp-1840518322/rootfs/etc/gshadow} destination filesystem does not support xattrs, further warnings will be suppressed
2024/03/20 16:47:15  info unpack layer: sha256:4f4fb700ef54461cfa02571ae0db9a0dc1e0cdb5577484a6d75e68dc38e8acc1
2024/03/20 16:47:15  info unpack layer: sha256:836db7a6e3b3d9e51f69280dcf82c95f326d0307067b8196ab0742e5d1365601
2024/03/20 16:47:16  info unpack layer: sha256:173a9d8f8036ba0681c7fc7f85bf067fdec571ca20efc2d8187db46ce7750f5e
2024/03/20 16:47:56  info unpack layer: sha256:96717221685d294078fa2d825ac8bdfedf8a2f61ec1135f6d86ac2d4eedcfbc7
2024/03/20 16:47:56  info unpack layer: sha256:267d3155e118e5b48baf102970c085c3a2f5f30a56747dda28b874fe006f4a61
INFO:    Creating SIF file...
