## SLURM PROLOG ###############################################################
##    Job ID : 1123545
##  Job Name : fetchdata_param_set08.20240319T2030Z.bering_strait/run2
##  Nodelist : node1324
##      CPUs : 
##  Mem/Node : 12288 MB
## Directory : /oscar/home/dwatkin2
##   Job Started : Tue Mar 19 04:30:54 PM EDT 2024
###############################################################################
Workflow : bering_strait/run2
Job : 20240319T2030Z/fetchdata_param_set08/01 (try 1)
User@Host: dwatkin2@node1324.oscar.ccv.brown.edu

2024-03-19T16:30:56-04:00 INFO - started
downloading landmask
downloading true color images
.
downloading falsecolor color images
.
2024-03-19T16:31:00-04:00 INFO - succeeded
[H[2J[3J