## SLURM PROLOG ###############################################################
##    Job ID : 759875
##  Job Name : fetchdata_param_set07.20240223T1406Z.chukchi-east_siberian_sea/run1
##  Nodelist : node2311
##      CPUs : 
##  Mem/Node : 12288 MB
## Directory : /oscar/home/dwatkin2
##   Job Started : Fri Feb 23 09:05:51 AM EST 2024
###############################################################################
Workflow : chukchi-east_siberian_sea/run1
Job : 20240223T1406Z/fetchdata_param_set07/01 (try 1)
User@Host: dwatkin2@node2311.oscar.ccv.brown.edu

downloading landmask
downloading true color images
.
downloading reflectance color images
2024-02-23T09:05:56-05:00 INFO - started
.
2024-02-23T09:05:58-05:00 INFO - succeeded
[H[2J[3J