## SLURM PROLOG ###############################################################
##    Job ID : 215606
##  Job Name : fetchdata_param_set32.20240124T1406Z.baffin_bay/run4
##  Nodelist : node2334
##      CPUs : 
##  Mem/Node : 12288 MB
## Directory : /oscar/home/dwatkin2
##   Job Started : Wed Jan 24 09:10:07 AM EST 2024
###############################################################################
Workflow : baffin_bay/run4
Job : 20240124T1406Z/fetchdata_param_set32/01 (try 1)
User@Host: dwatkin2@node2334.oscar.ccv.brown.edu

2024-01-24T09:10:09-05:00 INFO - started
downloading landmask
downloading true color images
.
downloading reflectance color images
.
2024-01-24T09:10:12-05:00 INFO - succeeded
[H[2J[3J