INFO:    Environment variable SINGULARITY_CACHEDIR is set, but APPTAINER_CACHEDIR is preferred
INFO:    Converting OCI blobs to SIF format
INFO:    Starting build...
Getting image source signatures
Copying blob sha256:af107e978371b6cd6339127a05502c5eacd1e6b0e9eb7b2f4aa7b6fc87e2dd81
Copying blob sha256:4f4fb700ef54461cfa02571ae0db9a0dc1e0cdb5577484a6d75e68dc38e8acc1
Copying blob sha256:c983e8fc92c1970a3b0376cbed1a97b7ec53914678412e03fe294ee4ce245577
Copying blob sha256:1f47bca2452f05da41814556fbef89a9bab61c73bb42618a80636c4723a97e6b
Copying blob sha256:4edcc7495dd9dba98d2e503658316a19c807ee0c86418b52db00f16db6e60997
Copying blob sha256:224b6dc009125b13179ba86368877e110096409e12971bbd932e87402571662c
Copying blob sha256:dee6b48b93ab4d49156a12012e61213d019df5918f506789cb044aa6c59619ec
Copying blob sha256:709e99bf9c1f7bb0eafe479ce396f7e6dd881a9a9d6205fbd86f645559a7ab39
Copying blob sha256:77905ef599d211819e5e4ee694b52ddee8e4fa5ab539b939cda0ffcf210eaac7
Copying blob sha256:2b9ca1356708740148b15b14709b7ee8a2646c63d5ee09dfe578324a1678de59
Copying config sha256:3810eb0de47224a134f9d181fb12c501eafdd8d32577bb7e3840a937197c5863
Writing manifest to image destination
Storing signatures
2024/02/21 12:16:10  info unpack layer: sha256:af107e978371b6cd6339127a05502c5eacd1e6b0e9eb7b2f4aa7b6fc87e2dd81
2024/02/21 12:16:10  warn xattr{etc/gshadow} ignoring ENOTSUP on setxattr "user.rootlesscontainers"
2024/02/21 12:16:10  warn xattr{/tmp/build-temp-1832195106/rootfs/etc/gshadow} destination filesystem does not support xattrs, further warnings will be suppressed
2024/02/21 12:16:11  info unpack layer: sha256:c983e8fc92c1970a3b0376cbed1a97b7ec53914678412e03fe294ee4ce245577
2024/02/21 12:16:11  warn xattr{var/cache/apt/archives/partial} ignoring ENOTSUP on setxattr "user.rootlesscontainers"
2024/02/21 12:16:11  warn xattr{/tmp/build-temp-1832195106/rootfs/var/cache/apt/archives/partial} destination filesystem does not support xattrs, further warnings will be suppressed
2024/02/21 12:16:11  info unpack layer: sha256:1f47bca2452f05da41814556fbef89a9bab61c73bb42618a80636c4723a97e6b
2024/02/21 12:16:11  warn xattr{usr/local/julia/LICENSE.md} ignoring ENOTSUP on setxattr "user.rootlesscontainers"
2024/02/21 12:16:11  warn xattr{/tmp/build-temp-1832195106/rootfs/usr/local/julia/LICENSE.md} destination filesystem does not support xattrs, further warnings will be suppressed
2024/02/21 12:16:11  warn rootless{usr/local/julia/lib/julia/libLLVM.so} ignoring (usually) harmless EPERM on setxattr "user.rootlesscontainers"
2024/02/21 12:16:11  warn rootless{usr/local/julia/lib/julia/libamd.so} ignoring (usually) harmless EPERM on setxattr "user.rootlesscontainers"
2024/02/21 12:16:11  warn rootless{usr/local/julia/lib/julia/libamd.so.2} ignoring (usually) harmless EPERM on setxattr "user.rootlesscontainers"
2024/02/21 12:16:11  warn rootless{usr/local/julia/lib/julia/libatomic.so} ignoring (usually) harmless EPERM on setxattr "user.rootlesscontainers"
2024/02/21 12:16:11  warn rootless{usr/local/julia/lib/julia/libatomic.so.1} ignoring (usually) harmless EPERM on setxattr "user.rootlesscontainers"
2024/02/21 12:16:11  warn rootless{usr/local/julia/lib/julia/libblastrampoline.so} ignoring (usually) harmless EPERM on setxattr "user.rootlesscontainers"
2024/02/21 12:16:11  warn rootless{usr/local/julia/lib/julia/libblastrampoline.so.5.4.0} ignoring (usually) harmless EPERM on setxattr "user.rootlesscontainers"
2024/02/21 12:16:11  warn rootless{usr/local/julia/lib/julia/libbtf.so} ignoring (usually) harmless EPERM on setxattr "user.rootlesscontainers"
2024/02/21 12:16:11  warn rootless{usr/local/julia/lib/julia/libbtf.so.1} ignoring (usually) harmless EPERM on setxattr "user.rootlesscontainers"
2024/02/21 12:16:11  warn rootless{usr/local/julia/lib/julia/libcamd.so} ignoring (usually) harmless EPERM on setxattr "user.rootlesscontainers"
2024/02/21 12:16:11  warn rootless{usr/local/julia/lib/julia/libcamd.so.2} ignoring (usually) harmless EPERM on setxattr "user.rootlesscontainers"
2024/02/21 12:16:11  warn rootless{usr/local/julia/lib/julia/libccolamd.so} ignoring (usually) harmless EPERM on setxattr "user.rootlesscontainers"
2024/02/21 12:16:11  warn rootless{usr/local/julia/lib/julia/libccolamd.so.2} ignoring (usually) harmless EPERM on setxattr "user.rootlesscontainers"
2024/02/21 12:16:11  warn rootless{usr/local/julia/lib/julia/libcholmod.so} ignoring (usually) harmless EPERM on setxattr "user.rootlesscontainers"
2024/02/21 12:16:11  warn rootless{usr/local/julia/lib/julia/libcholmod.so.3} ignoring (usually) harmless EPERM on setxattr "user.rootlesscontainers"
2024/02/21 12:16:11  warn rootless{usr/local/julia/lib/julia/libcolamd.so} ignoring (usually) harmless EPERM on setxattr "user.rootlesscontainers"
2024/02/21 12:16:11  warn rootless{usr/local/julia/lib/julia/libcolamd.so.2} ignoring (usually) harmless EPERM on setxattr "user.rootlesscontainers"
2024/02/21 12:16:11  warn rootless{usr/local/julia/lib/julia/libcurl.so} ignoring (usually) harmless EPERM on setxattr "user.rootlesscontainers"
2024/02/21 12:16:11  warn rootless{usr/local/julia/lib/julia/libcurl.so.4} ignoring (usually) harmless EPERM on setxattr "user.rootlesscontainers"
2024/02/21 12:16:11  warn rootless{usr/local/julia/lib/julia/libgfortran.so} ignoring (usually) harmless EPERM on setxattr "user.rootlesscontainers"
2024/02/21 12:16:11  warn rootless{usr/local/julia/lib/julia/libgfortran.so.5} ignoring (usually) harmless EPERM on setxattr "user.rootlesscontainers"
2024/02/21 12:16:11  warn rootless{usr/local/julia/lib/julia/libgit2.so} ignoring (usually) harmless EPERM on setxattr "user.rootlesscontainers"
2024/02/21 12:16:11  warn rootless{usr/local/julia/lib/julia/libgit2.so.1.5} ignoring (usually) harmless EPERM on setxattr "user.rootlesscontainers"
2024/02/21 12:16:11  warn rootless{usr/local/julia/lib/julia/libgmp.so} ignoring (usually) harmless EPERM on setxattr "user.rootlesscontainers"
2024/02/21 12:16:11  warn rootless{usr/local/julia/lib/julia/libgmp.so.10} ignoring (usually) harmless EPERM on setxattr "user.rootlesscontainers"
2024/02/21 12:16:11  warn rootless{usr/local/julia/lib/julia/libgmpxx.so} ignoring (usually) harmless EPERM on setxattr "user.rootlesscontainers"
2024/02/21 12:16:11  warn rootless{usr/local/julia/lib/julia/libgmpxx.so.4} ignoring (usually) harmless EPERM on setxattr "user.rootlesscontainers"
2024/02/21 12:16:11  warn rootless{usr/local/julia/lib/julia/libgomp.so} ignoring (usually) harmless EPERM on setxattr "user.rootlesscontainers"
2024/02/21 12:16:11  warn rootless{usr/local/julia/lib/julia/libgomp.so.1} ignoring (usually) harmless EPERM on setxattr "user.rootlesscontainers"
2024/02/21 12:16:11  warn rootless{usr/local/julia/lib/julia/libjulia-codegen.so} ignoring (usually) harmless EPERM on setxattr "user.rootlesscontainers"
2024/02/21 12:16:11  warn rootless{usr/local/julia/lib/julia/libjulia-codegen.so.1} ignoring (usually) harmless EPERM on setxattr "user.rootlesscontainers"
2024/02/21 12:16:12  warn rootless{usr/local/julia/lib/julia/libjulia-internal.so} ignoring (usually) harmless EPERM on setxattr "user.rootlesscontainers"
2024/02/21 12:16:12  warn rootless{usr/local/julia/lib/julia/libjulia-internal.so.1} ignoring (usually) harmless EPERM on setxattr "user.rootlesscontainers"
2024/02/21 12:16:12  warn rootless{usr/local/julia/lib/julia/libklu.so} ignoring (usually) harmless EPERM on setxattr "user.rootlesscontainers"
2024/02/21 12:16:12  warn rootless{usr/local/julia/lib/julia/libklu.so.1} ignoring (usually) harmless EPERM on setxattr "user.rootlesscontainers"
2024/02/21 12:16:12  warn rootless{usr/local/julia/lib/julia/libldl.so} ignoring (usually) harmless EPERM on setxattr "user.rootlesscontainers"
2024/02/21 12:16:12  warn rootless{usr/local/julia/lib/julia/libldl.so.2} ignoring (usually) harmless EPERM on setxattr "user.rootlesscontainers"
2024/02/21 12:16:12  warn rootless{usr/local/julia/lib/julia/libmbedcrypto.so} ignoring (usually) harmless EPERM on setxattr "user.rootlesscontainers"
2024/02/21 12:16:12  warn rootless{usr/local/julia/lib/julia/libmbedcrypto.so.7} ignoring (usually) harmless EPERM on setxattr "user.rootlesscontainers"
2024/02/21 12:16:12  warn rootless{usr/local/julia/lib/julia/libmbedtls.so} ignoring (usually) harmless EPERM on setxattr "user.rootlesscontainers"
2024/02/21 12:16:12  warn rootless{usr/local/julia/lib/julia/libmbedtls.so.14} ignoring (usually) harmless EPERM on setxattr "user.rootlesscontainers"
2024/02/21 12:16:12  warn rootless{usr/local/julia/lib/julia/libmbedx509.so} ignoring (usually) harmless EPERM on setxattr "user.rootlesscontainers"
2024/02/21 12:16:12  warn rootless{usr/local/julia/lib/julia/libmbedx509.so.1} ignoring (usually) harmless EPERM on setxattr "user.rootlesscontainers"
2024/02/21 12:16:12  warn rootless{usr/local/julia/lib/julia/libmpfr.so} ignoring (usually) harmless EPERM on setxattr "user.rootlesscontainers"
2024/02/21 12:16:12  warn rootless{usr/local/julia/lib/julia/libmpfr.so.6} ignoring (usually) harmless EPERM on setxattr "user.rootlesscontainers"
2024/02/21 12:16:12  warn rootless{usr/local/julia/lib/julia/libnghttp2.so} ignoring (usually) harmless EPERM on setxattr "user.rootlesscontainers"
2024/02/21 12:16:12  warn rootless{usr/local/julia/lib/julia/libnghttp2.so.14} ignoring (usually) harmless EPERM on setxattr "user.rootlesscontainers"
2024/02/21 12:16:12  warn rootless{usr/local/julia/lib/julia/libopenblas64_.so} ignoring (usually) harmless EPERM on setxattr "user.rootlesscontainers"
2024/02/21 12:16:12  warn rootless{usr/local/julia/lib/julia/libopenblas64_.so.0} ignoring (usually) harmless EPERM on setxattr "user.rootlesscontainers"
2024/02/21 12:16:12  warn rootless{usr/local/julia/lib/julia/libopenlibm.so} ignoring (usually) harmless EPERM on setxattr "user.rootlesscontainers"
2024/02/21 12:16:12  warn rootless{usr/local/julia/lib/julia/libopenlibm.so.4} ignoring (usually) harmless EPERM on setxattr "user.rootlesscontainers"
2024/02/21 12:16:12  warn rootless{usr/local/julia/lib/julia/libpcre2-8.so} ignoring (usually) harmless EPERM on setxattr "user.rootlesscontainers"
2024/02/21 12:16:12  warn rootless{usr/local/julia/lib/julia/libpcre2-8.so.0} ignoring (usually) harmless EPERM on setxattr "user.rootlesscontainers"
2024/02/21 12:16:12  warn rootless{usr/local/julia/lib/julia/libquadmath.so} ignoring (usually) harmless EPERM on setxattr "user.rootlesscontainers"
2024/02/21 12:16:12  warn rootless{usr/local/julia/lib/julia/libquadmath.so.0} ignoring (usually) harmless EPERM on setxattr "user.rootlesscontainers"
2024/02/21 12:16:12  warn rootless{usr/local/julia/lib/julia/librbio.so} ignoring (usually) harmless EPERM on setxattr "user.rootlesscontainers"
2024/02/21 12:16:12  warn rootless{usr/local/julia/lib/julia/librbio.so.2} ignoring (usually) harmless EPERM on setxattr "user.rootlesscontainers"
2024/02/21 12:16:12  warn rootless{usr/local/julia/lib/julia/libspqr.so} ignoring (usually) harmless EPERM on setxattr "user.rootlesscontainers"
2024/02/21 12:16:12  warn rootless{usr/local/julia/lib/julia/libspqr.so.2} ignoring (usually) harmless EPERM on setxattr "user.rootlesscontainers"
2024/02/21 12:16:12  warn rootless{usr/local/julia/lib/julia/libssh2.so} ignoring (usually) harmless EPERM on setxattr "user.rootlesscontainers"
2024/02/21 12:16:12  warn rootless{usr/local/julia/lib/julia/libssh2.so.1} ignoring (usually) harmless EPERM on setxattr "user.rootlesscontainers"
2024/02/21 12:16:12  warn rootless{usr/local/julia/lib/julia/libssp.so} ignoring (usually) harmless EPERM on setxattr "user.rootlesscontainers"
2024/02/21 12:16:12  warn rootless{usr/local/julia/lib/julia/libssp.so.0} ignoring (usually) harmless EPERM on setxattr "user.rootlesscontainers"
2024/02/21 12:16:12  warn rootless{usr/local/julia/lib/julia/libstdc++.so} ignoring (usually) harmless EPERM on setxattr "user.rootlesscontainers"
2024/02/21 12:16:12  warn rootless{usr/local/julia/lib/julia/libstdc++.so.6} ignoring (usually) harmless EPERM on setxattr "user.rootlesscontainers"
2024/02/21 12:16:12  warn rootless{usr/local/julia/lib/julia/libsuitesparseconfig.so} ignoring (usually) harmless EPERM on setxattr "user.rootlesscontainers"
2024/02/21 12:16:12  warn rootless{usr/local/julia/lib/julia/libsuitesparseconfig.so.5} ignoring (usually) harmless EPERM on setxattr "user.rootlesscontainers"
2024/02/21 12:16:12  warn rootless{usr/local/julia/lib/julia/libumfpack.so} ignoring (usually) harmless EPERM on setxattr "user.rootlesscontainers"
2024/02/21 12:16:12  warn rootless{usr/local/julia/lib/julia/libumfpack.so.5} ignoring (usually) harmless EPERM on setxattr "user.rootlesscontainers"
2024/02/21 12:16:12  warn rootless{usr/local/julia/lib/julia/libunwind.so} ignoring (usually) harmless EPERM on setxattr "user.rootlesscontainers"
2024/02/21 12:16:12  warn rootless{usr/local/julia/lib/julia/libunwind.so.8} ignoring (usually) harmless EPERM on setxattr "user.rootlesscontainers"
2024/02/21 12:16:12  warn rootless{usr/local/julia/lib/julia/libuv.so} ignoring (usually) harmless EPERM on setxattr "user.rootlesscontainers"
2024/02/21 12:16:12  warn rootless{usr/local/julia/lib/julia/libuv.so.2} ignoring (usually) harmless EPERM on setxattr "user.rootlesscontainers"
2024/02/21 12:16:12  warn rootless{usr/local/julia/lib/julia/libz.so} ignoring (usually) harmless EPERM on setxattr "user.rootlesscontainers"
2024/02/21 12:16:12  warn rootless{usr/local/julia/lib/julia/libz.so.1} ignoring (usually) harmless EPERM on setxattr "user.rootlesscontainers"
2024/02/21 12:16:14  warn rootless{usr/local/julia/lib/libjulia.so} ignoring (usually) harmless EPERM on setxattr "user.rootlesscontainers"
2024/02/21 12:16:14  warn rootless{usr/local/julia/lib/libjulia.so.1} ignoring (usually) harmless EPERM on setxattr "user.rootlesscontainers"
2024/02/21 12:16:14  info unpack layer: sha256:4edcc7495dd9dba98d2e503658316a19c807ee0c86418b52db00f16db6e60997
2024/02/21 12:16:14  info unpack layer: sha256:224b6dc009125b13179ba86368877e110096409e12971bbd932e87402571662c
2024/02/21 12:16:14  warn xattr{etc/gshadow} ignoring ENOTSUP on setxattr "user.rootlesscontainers"
2024/02/21 12:16:14  warn xattr{/tmp/build-temp-1832195106/rootfs/etc/gshadow} destination filesystem does not support xattrs, further warnings will be suppressed
2024/02/21 12:16:15  info unpack layer: sha256:4f4fb700ef54461cfa02571ae0db9a0dc1e0cdb5577484a6d75e68dc38e8acc1
2024/02/21 12:16:15  info unpack layer: sha256:dee6b48b93ab4d49156a12012e61213d019df5918f506789cb044aa6c59619ec
2024/02/21 12:16:17  info unpack layer: sha256:709e99bf9c1f7bb0eafe479ce396f7e6dd881a9a9d6205fbd86f645559a7ab39
2024/02/21 12:16:57  info unpack layer: sha256:77905ef599d211819e5e4ee694b52ddee8e4fa5ab539b939cda0ffcf210eaac7
2024/02/21 12:16:57  info unpack layer: sha256:2b9ca1356708740148b15b14709b7ee8a2646c63d5ee09dfe578324a1678de59
INFO:    Creating SIF file...
