## SLURM PROLOG ###############################################################
##    Job ID : 707303
##  Job Name : fetchdata_param_set15.20240221T1715Z.barents-kara_seas/run1
##  Nodelist : node1749
##      CPUs : 
##  Mem/Node : 12288 MB
## Directory : /oscar/home/dwatkin2
##   Job Started : Wed Feb 21 12:23:13 PM EST 2024
###############################################################################
Workflow : barents-kara_seas/run1
Job : 20240221T1715Z/fetchdata_param_set15/01 (try 1)
User@Host: dwatkin2@node1749.oscar.ccv.brown.edu

downloading landmask
2024-02-21T12:23:15-05:00 INFO - started
downloading true color images
.
downloading reflectance color images
.
2024-02-21T12:23:20-05:00 INFO - succeeded
[H[2J[3J