## SLURM PROLOG ###############################################################
##    Job ID : 765233
##  Job Name : fetchdata_param_set12.20240223T2108Z.hudson_bay/run1
##  Nodelist : node2302
##      CPUs : 
##  Mem/Node : 12288 MB
## Directory : /oscar/home/dwatkin2
##   Job Started : Fri Feb 23 04:09:04 PM EST 2024
###############################################################################
Workflow : hudson_bay/run1
Job : 20240223T2108Z/fetchdata_param_set12/01 (try 1)
User@Host: dwatkin2@node2302.oscar.ccv.brown.edu

2024-02-23T16:09:06-05:00 INFO - started
downloading landmask
downloading true color images
.
downloading reflectance color images
.
2024-02-23T16:09:10-05:00 INFO - succeeded
[H[2J[3J