## SLURM PROLOG ###############################################################
##    Job ID : 1137117
##  Job Name : fetchdata_param_set15.20240320T2046Z.chukchi-east_siberian_sea/run2
##  Nodelist : node1745
##      CPUs : 
##  Mem/Node : 12288 MB
## Directory : /oscar/home/dwatkin2
##   Job Started : Wed Mar 20 04:54:11 PM EDT 2024
###############################################################################
Workflow : chukchi-east_siberian_sea/run2
Job : 20240320T2046Z/fetchdata_param_set15/01 (try 1)
User@Host: dwatkin2@node1745.oscar.ccv.brown.edu

downloading landmask
2024-03-20T16:54:13-04:00 INFO - started
downloading true color images
.
downloading falsecolor color images
.
2024-03-20T16:54:17-04:00 INFO - succeeded
[H[2J[3J