## SLURM PROLOG ###############################################################
##    Job ID : 1116515
##  Job Name : fetchdata_param_set16.20240318T2123Z.baffin_bay/run3
##  Nodelist : node1328
##      CPUs : 
##  Mem/Node : 12288 MB
## Directory : /oscar/home/dwatkin2
##   Job Started : Mon Mar 18 05:24:49 PM EDT 2024
###############################################################################
Workflow : baffin_bay/run3
Job : 20240318T2123Z/fetchdata_param_set16/01 (try 1)
User@Host: dwatkin2@node1328.oscar.ccv.brown.edu

downloading landmask
2024-03-18T17:24:52-04:00 INFO - started
downloading true color images
.
downloading falsecolor color images
.
2024-03-18T17:24:55-04:00 INFO - succeeded
[H[2J[3J