## SLURM PROLOG ###############################################################
##    Job ID : 1121382
##  Job Name : fetchdata_param_set09.20240319T1535Z.beaufort_sea/run5
##  Nodelist : node1736
##      CPUs : 
##  Mem/Node : 12288 MB
## Directory : /oscar/home/dwatkin2
##   Job Started : Tue Mar 19 11:35:35 AM EDT 2024
###############################################################################
Workflow : beaufort_sea/run5
Job : 20240319T1535Z/fetchdata_param_set09/01 (try 1)
User@Host: dwatkin2@node1736.oscar.ccv.brown.edu

downloading landmask
2024-03-19T11:35:37-04:00 INFO - started
downloading true color images
.
downloading falsecolor color images
.
2024-03-19T11:35:40-04:00 INFO - succeeded
[H[2J[3J