## SLURM PROLOG ###############################################################
##    Job ID : 1137118
##  Job Name : fetchdata_param_set16.20240320T2046Z.chukchi-east_siberian_sea/run2
##  Nodelist : node1734
##      CPUs : 
##  Mem/Node : 12288 MB
## Directory : /oscar/home/dwatkin2
##   Job Started : Wed Mar 20 04:54:15 PM EDT 2024
###############################################################################
Workflow : chukchi-east_siberian_sea/run2
Job : 20240320T2046Z/fetchdata_param_set16/01 (try 1)
User@Host: dwatkin2@node1734.oscar.ccv.brown.edu

2024-03-20T16:54:17-04:00 INFO - started
downloading landmask
downloading true color images
.
downloading falsecolor color images
.
2024-03-20T16:54:20-04:00 INFO - succeeded
[H[2J[3J