## SLURM PROLOG ###############################################################
##    Job ID : 743382
##  Job Name : fetchdata_param_set19.20240222T1657Z.bering_strait/run1
##  Nodelist : node1734
##      CPUs : 
##  Mem/Node : 12288 MB
## Directory : /oscar/home/dwatkin2
##   Job Started : Thu Feb 22 12:03:21 PM EST 2024
###############################################################################
Workflow : bering_strait/run1
Job : 20240222T1657Z/fetchdata_param_set19/01 (try 1)
User@Host: dwatkin2@node1734.oscar.ccv.brown.edu

downloading landmask
2024-02-22T12:03:25-05:00 INFO - started
downloading true color images
.
downloading reflectance color images
.
2024-02-22T12:03:28-05:00 INFO - succeeded
[H[2J[3J