## SLURM PROLOG ###############################################################
##    Job ID : 215578
##  Job Name : fetchdata_param_set04.20240124T1406Z.baffin_bay/run4
##  Nodelist : node2334
##      CPUs : 
##  Mem/Node : 12288 MB
## Directory : /oscar/home/dwatkin2
##   Job Started : Wed Jan 24 09:07:49 AM EST 2024
###############################################################################
Workflow : baffin_bay/run4
Job : 20240124T1406Z/fetchdata_param_set04/01 (try 1)
User@Host: dwatkin2@node2334.oscar.ccv.brown.edu

downloading landmask
2024-01-24T09:07:52-05:00 INFO - started
downloading true color images
.
downloading reflectance color images
.
2024-01-24T09:07:58-05:00 INFO - succeeded
[H[2J[3J