## SLURM PROLOG ###############################################################
##    Job ID : 965739
##  Job Name : fetchdata_param_set18.20240306T1439Z.laptev_sea/run1
##  Nodelist : node1326
##      CPUs : 
##  Mem/Node : 12288 MB
## Directory : /oscar/home/dwatkin2
##   Job Started : Wed Mar  6 09:39:22 AM EST 2024
###############################################################################
Workflow : laptev_sea/run1
Job : 20240306T1439Z/fetchdata_param_set18/01 (try 1)
User@Host: dwatkin2@node1326.oscar.ccv.brown.edu

2024-03-06T09:39:24-05:00 INFO - started
downloading landmask
downloading true color images
.
downloading reflectance color images
.
2024-03-06T09:39:29-05:00 INFO - succeeded
[H[2J[3J