## SLURM PROLOG ###############################################################
##    Job ID : 1134531
##  Job Name : fetchdata_param_set11.20240320T1544Z.barents_kara/run1
##  Nodelist : node1740
##      CPUs : 
##  Mem/Node : 12288 MB
## Directory : /oscar/home/dwatkin2
##   Job Started : Wed Mar 20 11:44:10 AM EDT 2024
###############################################################################
Workflow : barents_kara/run1
Job : 20240320T1544Z/fetchdata_param_set11/01 (try 1)
User@Host: dwatkin2@node1740.oscar.ccv.brown.edu

downloading landmask
2024-03-20T11:44:12-04:00 INFO - started
downloading true color images
.
downloading falsecolor color images
.
2024-03-20T11:44:15-04:00 INFO - succeeded
[H[2J[3J