## SLURM PROLOG ###############################################################
##    Job ID : 707307
##  Job Name : fetchdata_param_set19.20240221T1715Z.barents-kara_seas/run1
##  Nodelist : node1742
##      CPUs : 
##  Mem/Node : 12288 MB
## Directory : /oscar/home/dwatkin2
##   Job Started : Wed Feb 21 12:23:22 PM EST 2024
###############################################################################
Workflow : barents-kara_seas/run1
Job : 20240221T1715Z/fetchdata_param_set19/01 (try 1)
User@Host: dwatkin2@node1742.oscar.ccv.brown.edu

downloading landmask
2024-02-21T12:23:24-05:00 INFO - started
downloading true color images
.
downloading reflectance color images
.
2024-02-21T12:23:29-05:00 INFO - succeeded
[H[2J[3J