## SLURM PROLOG ###############################################################
##    Job ID : 761473
##  Job Name : fetchdata_param_set18.20240223T1604Z.greenland_sea/run1
##  Nodelist : node1735
##      CPUs : 
##  Mem/Node : 12288 MB
## Directory : /oscar/home/dwatkin2
##   Job Started : Fri Feb 23 11:04:57 AM EST 2024
###############################################################################
Workflow : greenland_sea/run1
Job : 20240223T1604Z/fetchdata_param_set18/01 (try 1)
User@Host: dwatkin2@node1735.oscar.ccv.brown.edu

downloading landmask
downloading true color images
2024-02-23T11:05:02-05:00 INFO - started
.
downloading reflectance color images
.
2024-02-23T11:05:05-05:00 INFO - succeeded
[H[2J[3J