## SLURM PROLOG ###############################################################
##    Job ID : 743363
##  Job Name : fetchdata_param_set00.20240222T1657Z.bering_strait/run1
##  Nodelist : node1734
##      CPUs : 
##  Mem/Node : 12288 MB
## Directory : /oscar/home/dwatkin2
##   Job Started : Thu Feb 22 11:59:20 AM EST 2024
###############################################################################
Workflow : bering_strait/run1
Job : 20240222T1657Z/fetchdata_param_set00/01 (try 1)
User@Host: dwatkin2@node1734.oscar.ccv.brown.edu

downloading landmask
2024-02-22T11:59:23-05:00 INFO - started
downloading true color images
.
downloading reflectance color images
.
2024-02-22T11:59:28-05:00 INFO - succeeded
[H[2J[3J