┌ Warning: Module OffsetArrays with build ID fafbfcfd-0435-9d45-0001-9298966ffecd is missing from the cache.
│ This may mean OffsetArrays [6fe1bfb0-de20-5000-8ca7-80f57d26f881] does not support precompilation but is imported by a module that does.
└ @ Base loading.jl:1793
┌ Warning: Module ImageBase with build ID fafbfcfd-fefb-d5a9-0001-92a0e92d467f is missing from the cache.
│ This may mean ImageBase [c817782e-172a-44cc-b673-b171935fbb9e] does not support precompilation but is imported by a module that does.
└ @ Base loading.jl:1793
┌ Warning: Module ThreadingUtilities with build ID fafbfcfd-4770-2a53-0001-92d98f261993 is missing from the cache.
│ This may mean ThreadingUtilities [8290d209-cae3-49c0-8002-c8c24d57dab5] does not support precompilation but is imported by a module that does.
└ @ Base loading.jl:1793
┌ Warning: Module LoopVectorization with build ID ffffffff-ffff-ffff-0001-92d9c808f895 is missing from the cache.
│ This may mean LoopVectorization [bdcacae8-1622-11e9-2a5c-532679323890] does not support precompilation but is imported by a module that does.
└ @ Base loading.jl:1793
┌ Warning: Module ArgParse with build ID ffffffff-ffff-ffff-0001-9293a8280a0f is missing from the cache.
│ This may mean ArgParse [c7e460c6-2fb9-53a9-8c5b-16f535851c63] does not support precompilation but is imported by a module that does.
└ @ Base loading.jl:1793
┌ Warning: Module InverseFunctions with build ID fafbfcfd-d09a-e1b5-0001-92dddd592e59 is missing from the cache.
│ This may mean InverseFunctions [3587e190-3f89-42d0-90ee-14403ec27112] does not support precompilation but is imported by a module that does.
└ @ Base loading.jl:1793
┌ Warning: Module InverseFunctions with build ID fafbfcfd-d09a-e1b5-0001-92dddd592e59 is missing from the cache.
│ This may mean InverseFunctions [3587e190-3f89-42d0-90ee-14403ec27112] does not support precompilation but is imported by a module that does.
└ @ Base loading.jl:1793
┌ Error: Error during loading of extension DatesExt of InverseFunctions, use `Base.retry_load_extensions()` to retry.
│   exception =
│    1-element ExceptionStack:
│    Declaring __precompile__(false) is not allowed in files that are being precompiled.
│    Stacktrace:
│      [1] _require(pkg::Base.PkgId, env::Nothing)
│        @ Base ./loading.jl:1825
│      [2] _require_prelocked(uuidkey::Base.PkgId, env::Nothing)
│        @ Base ./loading.jl:1660
│      [3] _require_prelocked(uuidkey::Base.PkgId)
│        @ Base ./loading.jl:1658
│      [4] run_extension_callbacks(extid::Base.ExtensionId)
│        @ Base ./loading.jl:1255
│      [5] run_extension_callbacks(pkgid::Base.PkgId)
│        @ Base ./loading.jl:1290
│      [6] run_package_callbacks(modkey::Base.PkgId)
│        @ Base ./loading.jl:1124
│      [7] _require_prelocked(uuidkey::Base.PkgId, env::String)
│        @ Base ./loading.jl:1667
│      [8] macro expansion
│        @ ./loading.jl:1648 [inlined]
│      [9] macro expansion
│        @ ./lock.jl:267 [inlined]
│     [10] require(into::Module, mod::Symbol)
│        @ Base ./loading.jl:1611
│     [11] include
│        @ ./Base.jl:457 [inlined]
│     [12] include_package_for_output(pkg::Base.PkgId, input::String, depot_path::Vector{String}, dl_load_path::Vector{String}, load_path::Vector{String}, concrete_deps::Vector{Pair{Base.PkgId, UInt128}}, source::String)
│        @ Base ./loading.jl:2049
│     [13] top-level scope
│        @ stdin:3
│     [14] eval
│        @ ./boot.jl:370 [inlined]
│     [15] include_string(mapexpr::typeof(identity), mod::Module, code::String, filename::String)
│        @ Base ./loading.jl:1903
│     [16] include_string
│        @ ./loading.jl:1913 [inlined]
│     [17] exec_options(opts::Base.JLOptions)
│        @ Base ./client.jl:305
│     [18] _start()
│        @ Base ./client.jl:522
└ @ Base loading.jl:1261
┌ Error: Error during loading of extension CompositionsBaseInverseFunctionsExt of CompositionsBase, use `Base.retry_load_extensions()` to retry.
│   exception =
│    1-element ExceptionStack:
│    Declaring __precompile__(false) is not allowed in files that are being precompiled.
│    Stacktrace:
│      [1] _require(pkg::Base.PkgId, env::Nothing)
│        @ Base ./loading.jl:1825
│      [2] _require_prelocked(uuidkey::Base.PkgId, env::Nothing)
│        @ Base ./loading.jl:1660
│      [3] _require_prelocked(uuidkey::Base.PkgId)
│        @ Base ./loading.jl:1658
│      [4] run_extension_callbacks(extid::Base.ExtensionId)
│        @ Base ./loading.jl:1255
│      [5] run_extension_callbacks(pkgid::Base.PkgId)
│        @ Base ./loading.jl:1290
│      [6] run_package_callbacks(modkey::Base.PkgId)
│        @ Base ./loading.jl:1124
│      [7] _require_prelocked(uuidkey::Base.PkgId, env::String)
│        @ Base ./loading.jl:1667
│      [8] macro expansion
│        @ ./loading.jl:1648 [inlined]
│      [9] macro expansion
│        @ ./lock.jl:267 [inlined]
│     [10] require(into::Module, mod::Symbol)
│        @ Base ./loading.jl:1611
│     [11] include(mod::Module, _path::String)
│        @ Base ./Base.jl:457
│     [12] include(x::String)
│        @ Accessors /opt/julia/packages/Accessors/81CPQ/src/Accessors.jl:1
│     [13] top-level scope
│        @ /opt/julia/packages/Accessors/81CPQ/src/Accessors.jl:13
│     [14] include
│        @ ./Base.jl:457 [inlined]
│     [15] include_package_for_output(pkg::Base.PkgId, input::String, depot_path::Vector{String}, dl_load_path::Vector{String}, load_path::Vector{String}, concrete_deps::Vector{Pair{Base.PkgId, UInt128}}, source::String)
│        @ Base ./loading.jl:2049
│     [16] top-level scope
│        @ stdin:3
│     [17] eval
│        @ ./boot.jl:370 [inlined]
│     [18] include_string(mapexpr::typeof(identity), mod::Module, code::String, filename::String)
│        @ Base ./loading.jl:1903
│     [19] include_string
│        @ ./loading.jl:1913 [inlined]
│     [20] exec_options(opts::Base.JLOptions)
│        @ Base ./client.jl:305
│     [21] _start()
│        @ Base ./client.jl:522
└ @ Base loading.jl:1261
┌ Warning: The call to compilecache failed to create a usable precompiled cache file for Accessors [7d9f7c33-5ae7-4f3b-8dc6-eff91059b697]
│   exception = ArgumentError: Invalid checksum in cache file /users/dwatkin2/.julia/compiled/v1.9/Accessors/XelUh_AgTo3.so.
└ @ Base loading.jl:1818
┌ Warning: Module BangBang with build ID fafbfcfd-493c-aade-0001-92deeac1ef35 is missing from the cache.
│ This may mean BangBang [198e06fe-97b7-11e9-32a5-e1d131e6ad66] does not support precompilation but is imported by a module that does.
└ @ Base loading.jl:1793
┌ Warning: Module BangBang with build ID fafbfcfd-493c-aade-0001-92deeac1ef35 is missing from the cache.
│ This may mean BangBang [198e06fe-97b7-11e9-32a5-e1d131e6ad66] does not support precompilation but is imported by a module that does.
└ @ Base loading.jl:1793
┌ Error: Error during loading of extension BangBangTablesExt of BangBang, use `Base.retry_load_extensions()` to retry.
│   exception =
│    1-element ExceptionStack:
│    Declaring __precompile__(false) is not allowed in files that are being precompiled.
│    Stacktrace:
│      [1] _require(pkg::Base.PkgId, env::Nothing)
│        @ Base ./loading.jl:1825
│      [2] _require_prelocked(uuidkey::Base.PkgId, env::Nothing)
│        @ Base ./loading.jl:1660
│      [3] _require_prelocked(uuidkey::Base.PkgId)
│        @ Base ./loading.jl:1658
│      [4] run_extension_callbacks(extid::Base.ExtensionId)
│        @ Base ./loading.jl:1255
│      [5] run_extension_callbacks(pkgid::Base.PkgId)
│        @ Base ./loading.jl:1290
│      [6] run_package_callbacks(modkey::Base.PkgId)
│        @ Base ./loading.jl:1124
│      [7] _require_prelocked(uuidkey::Base.PkgId, env::String)
│        @ Base ./loading.jl:1667
│      [8] macro expansion
│        @ ./loading.jl:1648 [inlined]
│      [9] macro expansion
│        @ ./lock.jl:267 [inlined]
│     [10] require(into::Module, mod::Symbol)
│        @ Base ./loading.jl:1611
│     [11] include
│        @ ./Base.jl:457 [inlined]
│     [12] include_package_for_output(pkg::Base.PkgId, input::String, depot_path::Vector{String}, dl_load_path::Vector{String}, load_path::Vector{String}, concrete_deps::Vector{Pair{Base.PkgId, UInt128}}, source::String)
│        @ Base ./loading.jl:2049
│     [13] top-level scope
│        @ stdin:3
│     [14] eval
│        @ ./boot.jl:370 [inlined]
│     [15] include_string(mapexpr::typeof(identity), mod::Module, code::String, filename::String)
│        @ Base ./loading.jl:1903
│     [16] include_string
│        @ ./loading.jl:1913 [inlined]
│     [17] exec_options(opts::Base.JLOptions)
│        @ Base ./client.jl:305
│     [18] _start()
│        @ Base ./client.jl:522
└ @ Base loading.jl:1261
┌ Warning: Module DataFrames with build ID ffffffff-ffff-ffff-0001-92c69d79c15f is missing from the cache.
│ This may mean DataFrames [a93c6f00-e57d-5684-b7b6-d8193f3e46c0] does not support precompilation but is imported by a module that does.
└ @ Base loading.jl:1793
┌ Warning: Module Transducers with build ID ffffffff-ffff-ffff-0001-92df6ba3184d is missing from the cache.
│ This may mean Transducers [28d57a85-8fef-5791-bfe6-a80928e7c999] does not support precompilation but is imported by a module that does.
└ @ Base loading.jl:1793
┌ Warning: Module Transducers with build ID ffffffff-ffff-ffff-0001-92df6ba3184d is missing from the cache.
│ This may mean Transducers [28d57a85-8fef-5791-bfe6-a80928e7c999] does not support precompilation but is imported by a module that does.
└ @ Base loading.jl:1793
┌ Warning: Module ProgressMeter with build ID fafbfcfd-0f4f-98c1-0001-92dc618622df is missing from the cache.
│ This may mean ProgressMeter [92933f4c-e287-5a05-a399-4b506db050ca] does not support precompilation but is imported by a module that does.
└ @ Base loading.jl:1793
┌ Warning: The call to compilecache failed to create a usable precompiled cache file for ArgParse [c7e460c6-2fb9-53a9-8c5b-16f535851c63]
│   exception = Required dependency TextWrap [b718987f-49a8-5099-9789-dcd902bef87d] failed to load from a cache file.
└ @ Base loading.jl:1818
┌ Warning: The call to compilecache failed to create a usable precompiled cache file for DataFrames [a93c6f00-e57d-5684-b7b6-d8193f3e46c0]
│   exception = Required dependency Parsers [69de0a69-1ddd-5017-9359-2bf0b02dc9f0] failed to load from a cache file.
└ @ Base loading.jl:1818
┌ Warning: The call to compilecache failed to create a usable precompiled cache file for PolynomialsChainRulesCoreExt [f5ad5175-ea71-5bad-b0d8-3d77b6894ccb]
│   exception = Invalid input in module list: expected Polynomials.
└ @ Base loading.jl:1818
