## SLURM PROLOG ###############################################################
##    Job ID : 743373
##  Job Name : fetchdata_param_set10.20240222T1657Z.bering_strait/run1
##  Nodelist : node1734
##      CPUs : 
##  Mem/Node : 12288 MB
## Directory : /oscar/home/dwatkin2
##   Job Started : Thu Feb 22 12:01:21 PM EST 2024
###############################################################################
Workflow : bering_strait/run1
Job : 20240222T1657Z/fetchdata_param_set10/01 (try 1)
User@Host: dwatkin2@node1734.oscar.ccv.brown.edu

downloading landmask
2024-02-22T12:01:24-05:00 INFO - started
downloading true color images
.
downloading reflectance color images
.
2024-02-22T12:01:27-05:00 INFO - succeeded
[H[2J[3J