## SLURM PROLOG ###############################################################
##    Job ID : 743380
##  Job Name : fetchdata_param_set17.20240222T1657Z.bering_strait/run1
##  Nodelist : node1328
##      CPUs : 
##  Mem/Node : 12288 MB
## Directory : /oscar/home/dwatkin2
##   Job Started : Thu Feb 22 12:03:22 PM EST 2024
###############################################################################
Workflow : bering_strait/run1
Job : 20240222T1657Z/fetchdata_param_set17/01 (try 1)
User@Host: dwatkin2@node1328.oscar.ccv.brown.edu

downloading landmask
downloading true color images
2024-02-22T12:03:26-05:00 INFO - started
.
downloading reflectance color images
.
2024-02-22T12:03:30-05:00 INFO - succeeded
[H[2J[3J