## SLURM PROLOG ###############################################################
##    Job ID : 1121458
##  Job Name : fetchdata_param_set20.20240319T1535Z.beaufort_sea/run5
##  Nodelist : node1327
##      CPUs : 
##  Mem/Node : 12288 MB
## Directory : /oscar/home/dwatkin2
##   Job Started : Tue Mar 19 11:37:25 AM EDT 2024
###############################################################################
Workflow : beaufort_sea/run5
Job : 20240319T1535Z/fetchdata_param_set20/02 (try 2)
User@Host: dwatkin2@node1327.oscar.ccv.brown.edu

2024-03-19T11:37:27-04:00 INFO - started
downloading landmask
downloading true color images
.
downloading falsecolor color images
.
2024-03-19T11:37:30-04:00 INFO - succeeded
[H[2J[3J