┌ Warning: The call to compilecache failed to create a usable precompiled cache file for StaticArrays [90137ffa-7385-5640-81b9-e52037218182]
│   exception = Required dependency Preferences [21216c6a-2e73-6563-6e65-726566657250] failed to load from a cache file.
└ @ Base loading.jl:1818
┌ Warning: Module AbstractFFTs with build ID fafbfcfd-c5e7-e9b4-0001-9283c7a6de10 is missing from the cache.
│ This may mean AbstractFFTs [621f4979-c628-5d54-868e-fcf4e3e8185c] does not support precompilation but is imported by a module that does.
└ @ Base loading.jl:1793
┌ Error: Error during loading of extension AbstractFFTsTestExt of AbstractFFTs, use `Base.retry_load_extensions()` to retry.
│   exception =
│    1-element ExceptionStack:
│    Declaring __precompile__(false) is not allowed in files that are being precompiled.
│    Stacktrace:
│      [1] _require(pkg::Base.PkgId, env::Nothing)
│        @ Base ./loading.jl:1825
│      [2] _require_prelocked(uuidkey::Base.PkgId, env::Nothing)
│        @ Base ./loading.jl:1660
│      [3] _require_prelocked(uuidkey::Base.PkgId)
│        @ Base ./loading.jl:1658
│      [4] run_extension_callbacks(extid::Base.ExtensionId)
│        @ Base ./loading.jl:1255
│      [5] run_extension_callbacks(pkgid::Base.PkgId)
│        @ Base ./loading.jl:1290
│      [6] run_package_callbacks(modkey::Base.PkgId)
│        @ Base ./loading.jl:1124
│      [7] _require_prelocked(uuidkey::Base.PkgId, env::String)
│        @ Base ./loading.jl:1667
│      [8] macro expansion
│        @ ./loading.jl:1648 [inlined]
│      [9] macro expansion
│        @ ./lock.jl:267 [inlined]
│     [10] require(into::Module, mod::Symbol)
│        @ Base ./loading.jl:1611
│     [11] include(mod::Module, _path::String)
│        @ Base ./Base.jl:457
│     [12] include(x::String)
│        @ ImageCore ~/.julia/packages/ImageCore/wTsMr/src/ImageCore.jl:1
│     [13] top-level scope
│        @ ~/.julia/packages/ImageCore/wTsMr/src/ImageCore.jl:102
│     [14] include
│        @ ./Base.jl:457 [inlined]
│     [15] include_package_for_output(pkg::Base.PkgId, input::String, depot_path::Vector{String}, dl_load_path::Vector{String}, load_path::Vector{String}, concrete_deps::Vector{Pair{Base.PkgId, UInt128}}, source::String)
│        @ Base ./loading.jl:2049
│     [16] top-level scope
│        @ stdin:3
│     [17] eval
│        @ ./boot.jl:370 [inlined]
│     [18] include_string(mapexpr::typeof(identity), mod::Module, code::String, filename::String)
│        @ Base ./loading.jl:1903
│     [19] include_string
│        @ ./loading.jl:1913 [inlined]
│     [20] exec_options(opts::Base.JLOptions)
│        @ Base ./client.jl:305
│     [21] _start()
│        @ Base ./client.jl:522
└ @ Base loading.jl:1261
┌ Warning: The call to compilecache failed to create a usable precompiled cache file for ImageCore [a09fc81d-aa75-5fe9-8630-4744c3626534]
│   exception = Required dependency AbstractFFTs [621f4979-c628-5d54-868e-fcf4e3e8185c] failed to load from a cache file.
└ @ Base loading.jl:1818
┌ Warning: Module FFTW with build ID fafbfcfd-f570-400f-0001-928fddd7eb9b is missing from the cache.
│ This may mean FFTW [7a1cc6ca-52ef-59f5-83cd-3a7055c09341] does not support precompilation but is imported by a module that does.
└ @ Base loading.jl:1793
┌ Warning: Module ImageFiltering with build ID ffffffff-ffff-ffff-0001-9292d7f933e8 is missing from the cache.
│ This may mean ImageFiltering [6a3955dd-da59-5b1f-98d4-e7296123deb5] does not support precompilation but is imported by a module that does.
└ @ Base loading.jl:1793
┌ Warning: Module ImageFiltering with build ID ffffffff-ffff-ffff-0001-9292d7f933e8 is missing from the cache.
│ This may mean ImageFiltering [6a3955dd-da59-5b1f-98d4-e7296123deb5] does not support precompilation but is imported by a module that does.
└ @ Base loading.jl:1793
┌ Warning: The call to compilecache failed to create a usable precompiled cache file for VectorizationBase [3d5dd08c-fd9d-11e8-17fa-ed2836048c2f]
│   exception = Required dependency HostCPUFeatures [3e5b6fbb-0976-4d2c-9146-d79de83f2fb0] failed to load from a cache file.
└ @ Base loading.jl:1818
┌ Warning: Module LoopVectorization with build ID ffffffff-ffff-ffff-0001-92c37638cdea is missing from the cache.
│ This may mean LoopVectorization [bdcacae8-1622-11e9-2a5c-532679323890] does not support precompilation but is imported by a module that does.
└ @ Base loading.jl:1793
┌ Warning: Module ArgParse with build ID fafbfcfd-9ad5-422c-0001-927dccbca03e is missing from the cache.
│ This may mean ArgParse [c7e460c6-2fb9-53a9-8c5b-16f535851c63] does not support precompilation but is imported by a module that does.
└ @ Base loading.jl:1793
┌ Warning: Module BangBang with build ID fafbfcfd-7577-44ed-0001-92c9468420d4 is missing from the cache.
│ This may mean BangBang [198e06fe-97b7-11e9-32a5-e1d131e6ad66] does not support precompilation but is imported by a module that does.
└ @ Base loading.jl:1793
┌ Warning: Module BangBang with build ID fafbfcfd-7577-44ed-0001-92c9468420d4 is missing from the cache.
│ This may mean BangBang [198e06fe-97b7-11e9-32a5-e1d131e6ad66] does not support precompilation but is imported by a module that does.
└ @ Base loading.jl:1793
┌ Error: Error during loading of extension BangBangTablesExt of BangBang, use `Base.retry_load_extensions()` to retry.
│   exception =
│    1-element ExceptionStack:
│    Declaring __precompile__(false) is not allowed in files that are being precompiled.
│    Stacktrace:
│      [1] _require(pkg::Base.PkgId, env::Nothing)
│        @ Base ./loading.jl:1825
│      [2] _require_prelocked(uuidkey::Base.PkgId, env::Nothing)
│        @ Base ./loading.jl:1660
│      [3] _require_prelocked(uuidkey::Base.PkgId)
│        @ Base ./loading.jl:1658
│      [4] run_extension_callbacks(extid::Base.ExtensionId)
│        @ Base ./loading.jl:1255
│      [5] run_extension_callbacks(pkgid::Base.PkgId)
│        @ Base ./loading.jl:1290
│      [6] run_package_callbacks(modkey::Base.PkgId)
│        @ Base ./loading.jl:1124
│      [7] _require_prelocked(uuidkey::Base.PkgId, env::String)
│        @ Base ./loading.jl:1667
│      [8] macro expansion
│        @ ./loading.jl:1648 [inlined]
│      [9] macro expansion
│        @ ./lock.jl:267 [inlined]
│     [10] require(into::Module, mod::Symbol)
│        @ Base ./loading.jl:1611
│     [11] include
│        @ ./Base.jl:457 [inlined]
│     [12] include_package_for_output(pkg::Base.PkgId, input::String, depot_path::Vector{String}, dl_load_path::Vector{String}, load_path::Vector{String}, concrete_deps::Vector{Pair{Base.PkgId, UInt128}}, source::String)
│        @ Base ./loading.jl:2049
│     [13] top-level scope
│        @ stdin:3
│     [14] eval
│        @ ./boot.jl:370 [inlined]
│     [15] include_string(mapexpr::typeof(identity), mod::Module, code::String, filename::String)
│        @ Base ./loading.jl:1903
│     [16] include_string
│        @ ./loading.jl:1913 [inlined]
│     [17] exec_options(opts::Base.JLOptions)
│        @ Base ./client.jl:305
│     [18] _start()
│        @ Base ./client.jl:522
└ @ Base loading.jl:1261
┌ Warning: Module ProgressMeter with build ID ffffffff-ffff-ffff-0001-92c6f650c4d4 is missing from the cache.
│ This may mean ProgressMeter [92933f4c-e287-5a05-a399-4b506db050ca] does not support precompilation but is imported by a module that does.
└ @ Base loading.jl:1793
┌ Warning: The call to compilecache failed to create a usable precompiled cache file for ImageMetadata [bc367c6b-8a6b-528e-b4bd-a4b897500b49]
│   exception = Invalid input in module list: expected ImageAxes.
└ @ Base loading.jl:1818
┌ Warning: The call to compilecache failed to create a usable precompiled cache file for PyCall [438e738f-606a-5dbb-bf0a-cddfbfd45ab0]
│   exception = Required dependency JSON [682c06a0-de6a-54ab-a142-c8b1cf79cde6] failed to load from a cache file.
└ @ Base loading.jl:1818
┌ Warning: The call to compilecache failed to create a usable precompiled cache file for ProgressMeter [92933f4c-e287-5a05-a399-4b506db050ca]
│   exception = ArgumentError: Invalid checksum in cache file /users/dwatkin2/.julia/compiled/v1.9/ProgressMeter/3V8n6_AgTo3.so.
└ @ Base loading.jl:1818
