## SLURM PROLOG ###############################################################
##    Job ID : 765241
##  Job Name : fetchdata_param_set20.20240223T2108Z.hudson_bay/run1
##  Nodelist : node2302
##      CPUs : 
##  Mem/Node : 12288 MB
## Directory : /oscar/home/dwatkin2
##   Job Started : Fri Feb 23 04:09:13 PM EST 2024
###############################################################################
Workflow : hudson_bay/run1
Job : 20240223T2108Z/fetchdata_param_set20/01 (try 1)
User@Host: dwatkin2@node2302.oscar.ccv.brown.edu

downloading landmask
2024-02-23T16:09:15-05:00 INFO - started
downloading true color images
.
downloading reflectance color images
.
2024-02-23T16:09:19-05:00 INFO - succeeded
[H[2J[3J