## SLURM PROLOG ###############################################################
##    Job ID : 1123554
##  Job Name : fetchdata_param_set17.20240319T2030Z.bering_strait/run2
##  Nodelist : node1742
##      CPUs : 
##  Mem/Node : 12288 MB
## Directory : /oscar/home/dwatkin2
##   Job Started : Tue Mar 19 04:31:01 PM EDT 2024
###############################################################################
Workflow : bering_strait/run2
Job : 20240319T2030Z/fetchdata_param_set17/01 (try 1)
User@Host: dwatkin2@node1742.oscar.ccv.brown.edu

downloading landmask
2024-03-19T16:31:03-04:00 INFO - started
downloading true color images
.
downloading falsecolor color images
.
2024-03-19T16:31:08-04:00 INFO - succeeded
[H[2J[3J