┌ Warning: The call to compilecache failed to create a usable precompiled cache file for ImageBase [c817782e-172a-44cc-b673-b171935fbb9e]
│   exception = Invalid input in module list: expected ImageCore.
└ @ Base loading.jl:1818
┌ Warning: The call to compilecache failed to create a usable precompiled cache file for StatsBase [2913bbd2-ae8a-5f71-8c99-4fb6c76f3a91]
│   exception = ArgumentError: Invalid checksum in cache file /users/dwatkin2/.julia/compiled/v1.9/StatsBase/EZjIG_AgTo3.so.
└ @ Base loading.jl:1818
┌ Warning: Module ImageAxes with build ID fafbfcfd-5c22-5d21-0002-9e135a7c8cc8 is missing from the cache.
│ This may mean ImageAxes [2803e5a7-5153-5ecf-9a86-9b4c37f5f5ac] does not support precompilation but is imported by a module that does.
└ @ Base loading.jl:1793
┌ Warning: Module ImageTransformations with build ID ffffffff-ffff-ffff-000d-3fc8223dc9a6 is missing from the cache.
│ This may mean ImageTransformations [02fcd773-0e25-5acc-982a-7f6622650795] does not support precompilation but is imported by a module that does.
└ @ Base loading.jl:1793
┌ Warning: Module ImageFiltering with build ID fafbfcfd-3594-787a-000d-3fc94d4b1c9f is missing from the cache.
│ This may mean ImageFiltering [6a3955dd-da59-5b1f-98d4-e7296123deb5] does not support precompilation but is imported by a module that does.
└ @ Base loading.jl:1793
┌ Warning: Module ImageFiltering with build ID fafbfcfd-3594-787a-000d-3fc94d4b1c9f is missing from the cache.
│ This may mean ImageFiltering [6a3955dd-da59-5b1f-98d4-e7296123deb5] does not support precompilation but is imported by a module that does.
└ @ Base loading.jl:1793
┌ Warning: Module IceFloeTracker with build ID ffffffff-ffff-ffff-000d-3fc541cd22df is missing from the cache.
│ This may mean IceFloeTracker [04643c7a-9ac6-48c5-822f-2704f9e70bd3] does not support precompilation but is imported by a module that does.
└ @ Base loading.jl:1793
┌ Warning: The call to compilecache failed to create a usable precompiled cache file for ImageTransformations [02fcd773-0e25-5acc-982a-7f6622650795]
│   exception = Required dependency Interpolations [a98d9a8b-a2ab-59e6-89dd-64a1c18fca59] failed to load from a cache file.
└ @ Base loading.jl:1818
