INFO:    Environment variable SINGULARITY_CACHEDIR is set, but APPTAINER_CACHEDIR is preferred
INFO:    Converting OCI blobs to SIF format
INFO:    Starting build...
Getting image source signatures
Copying blob sha256:5b7a3555028d5c6e1896c8a945d74e31a84fac32abbffb70a3974719f503afe9
Copying blob sha256:3e4531da2f06f2911a5e67446c1ec507acb336afe7130741c6ed12ce442b730f
Copying blob sha256:24098c8d74fae9a314e70517566e785db7b39341cbc4bd63adf14c330728677c
Copying blob sha256:e455cf41eadb2f19f014361006086cdc5b3de16f3d13bd1d586be63e66c7fc63
Copying blob sha256:c6374b4ceb7a33a2609d9577d1f8cb5133e782949ab21f31086c1de775cb6843
Copying blob sha256:f0057575cfb9dc2bd894fba68c9b4b9df1c22525a953b1b232f7da2cee8b95b5
Copying blob sha256:2be1329064bce4baac3f5490a9c2b13604d1993254a19ff5917523c1da39807f
Copying blob sha256:2d74ce69f99998377cb8122743bc807049037fd9847e6a6b907b2ee4da1e8225
Copying blob sha256:ee270f12ee8bbf571d28db97f34df2c5652ba209f0d5d640456e81b89fd76000
Copying blob sha256:9ca18fed35e768d2fd34b2b337bd43ebb13831af79134d8cd25c2004213964b9
Copying blob sha256:72a9a0c2a6405dd54cf68377856dda700687b43615747f5f7c16793c9a7ca016
Copying blob sha256:2c31f4c3555187ec68ebe87532a01fe45b9054ccff9c9b15e3fe80d12fd96fb8
Copying blob sha256:70c52805b1ce20a845ae7db7f21cf30f9afe657e85c73ed41834dd9c8cc70ac6
Copying blob sha256:1555bfc25ecd9f41610f04d86fbcf2e0d575f16c009a82ac95c02aa290d0623a
Copying blob sha256:4f4fb700ef54461cfa02571ae0db9a0dc1e0cdb5577484a6d75e68dc38e8acc1
Copying config sha256:90f6a454394c041edf45ead07b2dcfa1ef3a4014e782bb3ebd36493cf24085f7
Writing manifest to image destination
Storing signatures
2024/02/21 12:15:13  info unpack layer: sha256:e455cf41eadb2f19f014361006086cdc5b3de16f3d13bd1d586be63e66c7fc63
2024/02/21 12:15:13  warn xattr{etc/gshadow} ignoring ENOTSUP on setxattr "user.rootlesscontainers"
2024/02/21 12:15:13  warn xattr{/tmp/build-temp-641465385/rootfs/etc/gshadow} destination filesystem does not support xattrs, further warnings will be suppressed
2024/02/21 12:15:14  info unpack layer: sha256:3e4531da2f06f2911a5e67446c1ec507acb336afe7130741c6ed12ce442b730f
2024/02/21 12:15:14  warn xattr{var/cache/apt/archives/partial} ignoring ENOTSUP on setxattr "user.rootlesscontainers"
2024/02/21 12:15:14  warn xattr{/tmp/build-temp-641465385/rootfs/var/cache/apt/archives/partial} destination filesystem does not support xattrs, further warnings will be suppressed
2024/02/21 12:15:14  info unpack layer: sha256:24098c8d74fae9a314e70517566e785db7b39341cbc4bd63adf14c330728677c
2024/02/21 12:15:14  warn xattr{etc/gshadow} ignoring ENOTSUP on setxattr "user.rootlesscontainers"
2024/02/21 12:15:14  warn xattr{/tmp/build-temp-641465385/rootfs/etc/gshadow} destination filesystem does not support xattrs, further warnings will be suppressed
2024/02/21 12:15:15  info unpack layer: sha256:c6374b4ceb7a33a2609d9577d1f8cb5133e782949ab21f31086c1de775cb6843
2024/02/21 12:15:19  warn xattr{usr/local/share/fonts} ignoring ENOTSUP on setxattr "user.rootlesscontainers"
2024/02/21 12:15:19  warn xattr{/tmp/build-temp-641465385/rootfs/usr/local/share/fonts} destination filesystem does not support xattrs, further warnings will be suppressed
2024/02/21 12:15:19  info unpack layer: sha256:f0057575cfb9dc2bd894fba68c9b4b9df1c22525a953b1b232f7da2cee8b95b5
2024/02/21 12:15:20  warn xattr{var/cache/apt/archives/partial} ignoring ENOTSUP on setxattr "user.rootlesscontainers"
2024/02/21 12:15:20  warn xattr{/tmp/build-temp-641465385/rootfs/var/cache/apt/archives/partial} destination filesystem does not support xattrs, further warnings will be suppressed
2024/02/21 12:15:20  info unpack layer: sha256:5b7a3555028d5c6e1896c8a945d74e31a84fac32abbffb70a3974719f503afe9
2024/02/21 12:15:20  info unpack layer: sha256:2be1329064bce4baac3f5490a9c2b13604d1993254a19ff5917523c1da39807f
2024/02/21 12:15:20  info unpack layer: sha256:2d74ce69f99998377cb8122743bc807049037fd9847e6a6b907b2ee4da1e8225
2024/02/21 12:15:20  info unpack layer: sha256:ee270f12ee8bbf571d28db97f34df2c5652ba209f0d5d640456e81b89fd76000
2024/02/21 12:15:20  warn xattr{var/lib/apt/lists/auxfiles} ignoring ENOTSUP on setxattr "user.rootlesscontainers"
2024/02/21 12:15:20  warn xattr{/tmp/build-temp-641465385/rootfs/var/lib/apt/lists/auxfiles} destination filesystem does not support xattrs, further warnings will be suppressed
2024/02/21 12:15:21  info unpack layer: sha256:9ca18fed35e768d2fd34b2b337bd43ebb13831af79134d8cd25c2004213964b9
2024/02/21 12:15:22  warn xattr{var/log/apt/term.log} ignoring ENOTSUP on setxattr "user.rootlesscontainers"
2024/02/21 12:15:22  warn xattr{/tmp/build-temp-641465385/rootfs/var/log/apt/term.log} destination filesystem does not support xattrs, further warnings will be suppressed
2024/02/21 12:15:22  info unpack layer: sha256:72a9a0c2a6405dd54cf68377856dda700687b43615747f5f7c16793c9a7ca016
2024/02/21 12:15:22  info unpack layer: sha256:2c31f4c3555187ec68ebe87532a01fe45b9054ccff9c9b15e3fe80d12fd96fb8
2024/02/21 12:15:22  info unpack layer: sha256:70c52805b1ce20a845ae7db7f21cf30f9afe657e85c73ed41834dd9c8cc70ac6
2024/02/21 12:15:22  info unpack layer: sha256:1555bfc25ecd9f41610f04d86fbcf2e0d575f16c009a82ac95c02aa290d0623a
2024/02/21 12:15:22  info unpack layer: sha256:4f4fb700ef54461cfa02571ae0db9a0dc1e0cdb5577484a6d75e68dc38e8acc1
INFO:    Creating SIF file...
