## SLURM PROLOG ###############################################################
##    Job ID : 1121411
##  Job Name : fetchdata_param_set38.20240319T1535Z.beaufort_sea/run5
##  Nodelist : node1738
##      CPUs : 
##  Mem/Node : 12288 MB
## Directory : /oscar/home/dwatkin2
##   Job Started : Tue Mar 19 11:35:57 AM EDT 2024
###############################################################################
Workflow : beaufort_sea/run5
Job : 20240319T1535Z/fetchdata_param_set38/01 (try 1)
User@Host: dwatkin2@node1738.oscar.ccv.brown.edu

2024-03-19T11:36:00-04:00 INFO - started
downloading landmask
downloading true color images
.
downloading falsecolor color images
.
2024-03-19T11:36:04-04:00 INFO - succeeded
[H[2J[3J